        -:    0:Source:ConnectX.cpp
        -:    0:Graph:ConnectX.gcno
        -:    0:Data:ConnectX.gcda
        -:    0:Runs:1
        -:    0:Programs:1
        -:    1:#include "ConnectX.h"
        -:    2:#include <iostream>
        -:    3:using namespace std;
        -:    4:// constructor provides customized dimensions and number of
        -:    5:// sequential pieces (x) it takes to win the game
function _ZN8ConnectXC2Eiii called 10 returned 100% blocks executed 90%
function _ZN8ConnectXC1Eiii called 10 returned 100% blocks executed 100%
       10:    6:ConnectX::ConnectX(int wide, int high, int x)
       10:    7:{   
        -:    8:	//invalid input resets everything to default settings
       26:    9:	if( wide <= 0 || high <= 0 || x <= 0)
branch  0 taken 80%
branch  1 taken 20%
branch  2 taken 100%
branch  3 taken 0%
branch  4 taken 0%
branch  5 taken 100%
        -:   10:	{
        2:   11:		wide=DEFAULT_WIDTH;
        2:   12:		high=DEFAULT_HEIGHT;
        2:   13:		x=DEFAULT_TO_WIN;
        2:   14:	}
        -:   15:
       10:   16:	board.resize(high);
branch  0 taken 100%
branch  1 taken 0%
      150:   17:	for(int i=0; i<high; i++)
branch  0 taken 87%
branch  1 taken 13%
        -:   18:	{
      130:   19:		board[i].resize(wide);
branch  0 taken 100%
branch  1 taken 0%
branch  2 taken 100%
branch  3 taken 0%
     1358:   20:		for(int j=0; j<wide; j++)
branch  0 taken 90%
branch  1 taken 10%
        -:   21:		{
     1842:   22:			board[i][j] = EMPTY;
branch  0 taken 100%
branch  1 taken 0%
branch  2 taken 100%
branch  3 taken 0%
      614:   23:		}
       65:   24:	}	
       10:   25:	width = wide;
       10:   26:	height = high;
       10:   27:	toWin = x;
       10:   28:	turn = BLACK;
       20:   29:}
        -:   30:
        -:   31:// changes turn to reflect whose turn it is
function _ZN8ConnectX10toggleTurnEv called 7 returned 100% blocks executed 100%
        -:   32:void ConnectX::toggleTurn()
        -:   33:{
        7:   34:	if(turn == WHITE)
branch  0 taken 14%
branch  1 taken 86%
        -:   35:	{
        -:   36:        //cout<<"Toggling turn to black"<<endl;
        -:   37:        
        1:   38:		turn = BLACK;
        -:   39:        //cout<<"turn = "<<turn<<endl;
        1:   40:	}
        -:   41:	else
        6:   42:		turn = WHITE;
        7:   43:}
        -:   44:
        -:   45:// returns whether or not the provided location is a valid
        -:   46:// space in the board
function _ZN8ConnectX8inBoundsEii called 23 returned 100% blocks executed 100%
        -:   47:bool ConnectX::inBounds(int w, int h)
        -:   48:{
        -:   49:	bool inside;
       43:   50:	if( w>=width || w<0 )
branch  0 taken 87%
branch  1 taken 13%
branch  2 taken 5%
branch  3 taken 95%
        4:   51:		inside = false;
        -:   52:	else
       19:   53:		inside = true;
        -:   54:
       46:   55:	if( h<0 || h>=height )
branch  0 taken 100%
branch  1 taken 0%
branch  2 taken 9%
branch  3 taken 91%
        2:   56:		inside = false;
        -:   57:	else
       21:   58:		inside = true;
        -:   59:
       23:   60:	return inside;
        -:   61:}
        -:   62:
        -:   63:// Prints out the board to the command line, showing both
        -:   64:// empty places and where each player has placed pieces
function _ZN8ConnectX9showBoardEv called 0 returned 0% blocks executed 0%
        -:   65:void ConnectX::showBoard()
        -:   66:{
    #####:   67:	std::cout<<"   ";
    #####:   68:	for(int w = 0; w < width; w++)
branch  0 never executed
branch  1 never executed
        -:   69:	{
    #####:   70:		std::cout<<"["<<w<<"]";
    #####:   71:	}
    #####:   72:	std::cout<<std::endl;
    #####:   73:	for(int h = 0; h < height; h++)
branch  0 never executed
branch  1 never executed
        -:   74:	{
    #####:   75:		std::cout<<"["<<h<<"]";
    #####:   76:		for(int w = 0; w < width; w++)
branch  0 never executed
branch  1 never executed
        -:   77:		{
        -:   78:			char place;
    #####:   79:			Piece val = at(w,h);
    #####:   80:			if(val == BLACK)
branch  0 never executed
branch  1 never executed
    #####:   81:				place = 'B';
    #####:   82:			else if( val == WHITE )
branch  0 never executed
branch  1 never executed
    #####:   83:				place = 'W';
        -:   84:			else
    #####:   85:				place = ' ';
    #####:   86:			std::cout<<"["<<place<<"]";
    #####:   87:		}
    #####:   88:		std::cout<<std::endl;
    #####:   89:	}
    #####:   90:}
        -:   91:
        -:   92:// Returns whose turn it is (BLACK or WHITE)
function _ZN8ConnectX9whoseTurnEv called 2 returned 100% blocks executed 100%
        -:   93:Piece ConnectX::whoseTurn()
        -:   94:{
        2:   95:	return turn;
        -:   96:}
        -:   97:
        -:   98:// Retrieves the value at a provided (w,h) location in the board or returns
        -:   99:// INVALID if the provided location is not within the board
function _ZN8ConnectX2atEii called 17 returned 100% blocks executed 100%
        -:  100:Piece ConnectX::at(int w, int h)
        -:  101:{
       17:  102:	if( inBounds(w,h) )
branch  0 taken 88%
branch  1 taken 12%
        -:  103:	{
       15:  104:		return board[h][w];
        -:  105:	}
        -:  106:	else
        2:  107:		return INVALID;
       17:  108:}
        -:  109:
        -:  110:// Puts the current player's piece in a vertical column, where the piece falls
        -:  111:// to the lowest empty position available in the board. Placing a piece in a 
        -:  112:// "bad" column (such as a column that doesn't exist or is already full of 
        -:  113:// pieces) results in the player just losing their turn
function _ZN8ConnectX10placePieceEi called 7 returned 100% blocks executed 100%
        -:  114:void ConnectX::placePiece(int column)
        -:  115:{
       16:  116:	for(int i=height-1; i>=0; i--)
branch  0 taken 88%
branch  1 taken 13%
        -:  117:	{
       13:  118:		if( at(column,i) == EMPTY && inBounds(column,i) )
branch  0 taken 86%
branch  1 taken 14%
branch  2 taken 100%
branch  3 taken 0%
        -:  119:		{
        6:  120:			board[i][column] = turn;
        6:  121:			break;
        -:  122:		}
        1:  123:	}
        -:  124:
        7:  125:	toggleTurn();
        7:  126:}
