        -:    0:Source:/Applications/Xcode.app/Contents/Developer/Toolchains/XcodeDefault.xctoolchain/usr/bin/../include/c++/v1/locale
        -:    0:Graph:ConnectX.gcno
        -:    0:Data:ConnectX.gcda
        -:    0:Runs:1
        -:    0:Programs:1
        -:    1:// -*- C++ -*-
        -:    2://===-------------------------- locale ------------------------------------===//
        -:    3://
        -:    4://                     The LLVM Compiler Infrastructure
        -:    5://
        -:    6:// This file is dual licensed under the MIT and the University of Illinois Open
        -:    7:// Source Licenses. See LICENSE.TXT for details.
        -:    8://
        -:    9://===----------------------------------------------------------------------===//
        -:   10:
        -:   11:#ifndef _LIBCPP_LOCALE
        -:   12:#define _LIBCPP_LOCALE
        -:   13:
        -:   14:/*
        -:   15:    locale synopsis
        -:   16:
        -:   17:namespace std
        -:   18:{
        -:   19:
        -:   20:class locale
        -:   21:{
        -:   22:public:
        -:   23:    // types:
        -:   24:    class facet;
        -:   25:    class id;
        -:   26:
        -:   27:    typedef int category;
        -:   28:    static const category // values assigned here are for exposition only
        -:   29:        none     = 0x000,
        -:   30:        collate  = 0x010,
        -:   31:        ctype    = 0x020,
        -:   32:        monetary = 0x040,
        -:   33:        numeric  = 0x080,
        -:   34:        time     = 0x100,
        -:   35:        messages = 0x200,
        -:   36:        all = collate | ctype | monetary | numeric | time | messages;
        -:   37:
        -:   38:    // construct/copy/destroy:
        -:   39:    locale() noexcept;
        -:   40:    locale(const locale& other) noexcept;
        -:   41:    explicit locale(const char* std_name);
        -:   42:    explicit locale(const string& std_name);
        -:   43:    locale(const locale& other, const char* std_name, category);
        -:   44:    locale(const locale& other, const string& std_name, category);
        -:   45:    template <class Facet> locale(const locale& other, Facet* f);
        -:   46:    locale(const locale& other, const locale& one, category);
        -:   47:
        -:   48:    ~locale(); // not virtual
        -:   49:
        -:   50:    const locale& operator=(const locale& other) noexcept;
        -:   51:
        -:   52:    template <class Facet> locale combine(const locale& other) const;
        -:   53:
        -:   54:    // locale operations:
        -:   55:    basic_string<char> name() const;
        -:   56:    bool operator==(const locale& other) const;
        -:   57:    bool operator!=(const locale& other) const;
        -:   58:    template <class charT, class Traits, class Allocator>
        -:   59:      bool operator()(const basic_string<charT,Traits,Allocator>& s1,
        -:   60:                      const basic_string<charT,Traits,Allocator>& s2) const;
        -:   61:
        -:   62:    // global locale objects:
        -:   63:    static locale global(const locale&);
        -:   64:    static const locale& classic();
        -:   65:};
        -:   66:
        -:   67:template <class Facet> const Facet& use_facet(const locale&);
        -:   68:template <class Facet> bool has_facet(const locale&) noexcept;
        -:   69:
        -:   70:// 22.3.3, convenience interfaces:
        -:   71:template <class charT> bool isspace (charT c, const locale& loc);
        -:   72:template <class charT> bool isprint (charT c, const locale& loc);
        -:   73:template <class charT> bool iscntrl (charT c, const locale& loc);
        -:   74:template <class charT> bool isupper (charT c, const locale& loc);
        -:   75:template <class charT> bool islower (charT c, const locale& loc);
        -:   76:template <class charT> bool isalpha (charT c, const locale& loc);
        -:   77:template <class charT> bool isdigit (charT c, const locale& loc);
        -:   78:template <class charT> bool ispunct (charT c, const locale& loc);
        -:   79:template <class charT> bool isxdigit(charT c, const locale& loc);
        -:   80:template <class charT> bool isalnum (charT c, const locale& loc);
        -:   81:template <class charT> bool isgraph (charT c, const locale& loc);
        -:   82:template <class charT> charT toupper(charT c, const locale& loc);
        -:   83:template <class charT> charT tolower(charT c, const locale& loc);
        -:   84:
        -:   85:template<class Codecvt, class Elem = wchar_t,
        -:   86:         class Wide_alloc = allocator<Elem>,
        -:   87:         class Byte_alloc = allocator<char>>
        -:   88:class wstring_convert
        -:   89:{
        -:   90:public:
        -:   91:    typedef basic_string<char, char_traits<char>, Byte_alloc> byte_string;
        -:   92:    typedef basic_string<Elem, char_traits<Elem>, Wide_alloc> wide_string;
        -:   93:    typedef typename Codecvt::state_type                      state_type;
        -:   94:    typedef typename wide_string::traits_type::int_type       int_type;
        -:   95:
        -:   96:    explicit wstring_convert(Codecvt* pcvt = new Codecvt);          // explicit in C++14
        -:   97:    wstring_convert(Codecvt* pcvt, state_type state);
        -:   98:    explicit wstring_convert(const byte_string& byte_err,           // explicit in C++14
        -:   99:                    const wide_string& wide_err = wide_string());
        -:  100:    wstring_convert(const wstring_convert&) = delete;               // C++14
        -:  101:    wstring_convert & operator=(const wstring_convert &) = delete;  // C++14
        -:  102:    ~wstring_convert();
        -:  103:
        -:  104:    wide_string from_bytes(char byte);
        -:  105:    wide_string from_bytes(const char* ptr);
        -:  106:    wide_string from_bytes(const byte_string& str);
        -:  107:    wide_string from_bytes(const char* first, const char* last);
        -:  108:
        -:  109:    byte_string to_bytes(Elem wchar);
        -:  110:    byte_string to_bytes(const Elem* wptr);
        -:  111:    byte_string to_bytes(const wide_string& wstr);
        -:  112:    byte_string to_bytes(const Elem* first, const Elem* last);
        -:  113:
        -:  114:    size_t converted() const; // noexcept in C++14
        -:  115:    state_type state() const;
        -:  116:};
        -:  117:
        -:  118:template <class Codecvt, class Elem = wchar_t, class Tr = char_traits<Elem>>
        -:  119:class wbuffer_convert
        -:  120:    : public basic_streambuf<Elem, Tr>
        -:  121:{
        -:  122:public:
        -:  123:    typedef typename Tr::state_type state_type;
        -:  124:
        -:  125:    explicit wbuffer_convert(streambuf* bytebuf = 0, Codecvt* pcvt = new Codecvt,
        -:  126:                    state_type state = state_type());       // explicit in C++14
        -:  127:    wbuffer_convert(const wbuffer_convert&) = delete;               // C++14
        -:  128:    wbuffer_convert & operator=(const wbuffer_convert &) = delete;  // C++14
        -:  129:    ~wbuffer_convert();                                             // C++14
        -:  130:    
        -:  131:    streambuf* rdbuf() const;
        -:  132:    streambuf* rdbuf(streambuf* bytebuf);
        -:  133:
        -:  134:    state_type state() const;
        -:  135:};
        -:  136:
        -:  137:// 22.4.1 and 22.4.1.3, ctype:
        -:  138:class ctype_base;
        -:  139:template <class charT> class ctype;
        -:  140:template <> class ctype<char>; // specialization
        -:  141:template <class charT> class ctype_byname;
        -:  142:template <> class ctype_byname<char>; // specialization
        -:  143:
        -:  144:class codecvt_base;
        -:  145:template <class internT, class externT, class stateT> class codecvt;
        -:  146:template <class internT, class externT, class stateT> class codecvt_byname;
        -:  147:
        -:  148:// 22.4.2 and 22.4.3, numeric:
        -:  149:template <class charT, class InputIterator> class num_get;
        -:  150:template <class charT, class OutputIterator> class num_put;
        -:  151:template <class charT> class numpunct;
        -:  152:template <class charT> class numpunct_byname;
        -:  153:
        -:  154:// 22.4.4, col lation:
        -:  155:template <class charT> class collate;
        -:  156:template <class charT> class collate_byname;
        -:  157:
        -:  158:// 22.4.5, date and time:
        -:  159:class time_base;
        -:  160:template <class charT, class InputIterator> class time_get;
        -:  161:template <class charT, class InputIterator> class time_get_byname;
        -:  162:template <class charT, class OutputIterator> class time_put;
        -:  163:template <class charT, class OutputIterator> class time_put_byname;
        -:  164:
        -:  165:// 22.4.6, money:
        -:  166:class money_base;
        -:  167:template <class charT, class InputIterator> class money_get;
        -:  168:template <class charT, class OutputIterator> class money_put;
        -:  169:template <class charT, bool Intl> class moneypunct;
        -:  170:template <class charT, bool Intl> class moneypunct_byname;
        -:  171:
        -:  172:// 22.4.7, message retrieval:
        -:  173:class messages_base;
        -:  174:template <class charT> class messages;
        -:  175:template <class charT> class messages_byname;
        -:  176:
        -:  177:}  // std
        -:  178:
        -:  179:*/
        -:  180:
        -:  181:#include <__config>
        -:  182:#include <__locale>
        -:  183:#include <algorithm>
        -:  184:#include <memory>
        -:  185:#include <ios>
        -:  186:#include <streambuf>
        -:  187:#include <iterator>
        -:  188:#include <limits>
        -:  189:#ifndef __APPLE__
        -:  190:#include <cstdarg>
        -:  191:#endif
        -:  192:#include <cstdlib>
        -:  193:#include <ctime>
        -:  194:#if defined(_LIBCPP_MSVCRT) || defined(__MINGW32__)
        -:  195:#include <support/win32/locale_win32.h>
        -:  196:#elif defined(_NEWLIB_VERSION)
        -:  197:// FIXME: replace all the uses of _NEWLIB_VERSION with __NEWLIB__ preceded by an
        -:  198:// include of <sys/cdefs.h> once https://sourceware.org/ml/newlib-cvs/2014-q3/msg00038.html
        -:  199:// has had a chance to bake for a bit
        -:  200:#include <support/newlib/xlocale.h>
        -:  201:#elif !defined(__ANDROID__)
        -:  202:#include <nl_types.h>
        -:  203:#endif
        -:  204:
        -:  205:#ifdef __APPLE__
        -:  206:#include <Availability.h>
        -:  207:#endif
        -:  208:
        -:  209:#include <__undef_min_max>
        -:  210:
        -:  211:#if !defined(_LIBCPP_HAS_NO_PRAGMA_SYSTEM_HEADER)
        -:  212:#pragma GCC system_header
        -:  213:#endif
        -:  214:
        -:  215:_LIBCPP_BEGIN_NAMESPACE_STD
        -:  216:
        -:  217:#if defined(__APPLE__) || defined(__FreeBSD__)
        -:  218:#  define _LIBCPP_GET_C_LOCALE 0
        -:  219:#elif defined(__NetBSD__)
        -:  220:#  define _LIBCPP_GET_C_LOCALE LC_C_LOCALE
        -:  221:#else
        -:  222:#  define _LIBCPP_GET_C_LOCALE __cloc()
        -:  223:   // Get the C locale object
        -:  224:   _LIBCPP_FUNC_VIS locale_t __cloc();
        -:  225:#define __cloc_defined
        -:  226:#endif
        -:  227:
        -:  228:typedef _VSTD::remove_pointer<locale_t>::type __locale_struct;
        -:  229:typedef _VSTD::unique_ptr<__locale_struct, decltype(&freelocale)> __locale_unique_ptr;
        -:  230:#ifndef _LIBCPP_LOCALE__L_EXTENSIONS
        -:  231:typedef _VSTD::unique_ptr<__locale_struct, decltype(&uselocale)> __locale_raii;
        -:  232:#endif
        -:  233:
        -:  234:// OSX has nice foo_l() functions that let you turn off use of the global
        -:  235:// locale.  Linux, not so much.  The following functions avoid the locale when
        -:  236:// that's possible and otherwise do the wrong thing.  FIXME.
        -:  237:#if defined(__linux__) || defined(__EMSCRIPTEN__) || defined(_AIX) || \
        -:  238:    defined(_NEWLIB_VERSION)
        -:  239:
        -:  240:#ifdef _LIBCPP_LOCALE__L_EXTENSIONS
        -:  241:decltype(MB_CUR_MAX_L(_VSTD::declval<locale_t>()))
        -:  242:inline _LIBCPP_INLINE_VISIBILITY
        -:  243:__mb_cur_max_l(locale_t __l)
        -:  244:{
        -:  245:  return MB_CUR_MAX_L(__l);
        -:  246:}
        -:  247:#else  // _LIBCPP_LOCALE__L_EXTENSIONS
        -:  248:inline _LIBCPP_ALWAYS_INLINE
        -:  249:decltype(MB_CUR_MAX) __mb_cur_max_l(locale_t __l)
        -:  250:{
        -:  251:  __locale_raii __current(uselocale(__l), uselocale);
        -:  252:  return MB_CUR_MAX;
        -:  253:}
        -:  254:#endif // _LIBCPP_LOCALE__L_EXTENSIONS
        -:  255:
        -:  256:inline _LIBCPP_ALWAYS_INLINE
        -:  257:wint_t __btowc_l(int __c, locale_t __l)
        -:  258:{
        -:  259:#ifdef _LIBCPP_LOCALE__L_EXTENSIONS
        -:  260:  return btowc_l(__c, __l);
        -:  261:#else
        -:  262:  __locale_raii __current(uselocale(__l), uselocale);
        -:  263:  return btowc(__c);
        -:  264:#endif
        -:  265:}
        -:  266:
        -:  267:inline _LIBCPP_ALWAYS_INLINE
        -:  268:int __wctob_l(wint_t __c, locale_t __l)
        -:  269:{
        -:  270:#ifdef _LIBCPP_LOCALE__L_EXTENSIONS
        -:  271:  return wctob_l(__c, __l);
        -:  272:#else
        -:  273:  __locale_raii __current(uselocale(__l), uselocale);
        -:  274:  return wctob(__c);
        -:  275:#endif
        -:  276:}
        -:  277:
        -:  278:inline _LIBCPP_ALWAYS_INLINE
        -:  279:size_t __wcsnrtombs_l(char *__dest, const wchar_t **__src, size_t __nwc,
        -:  280:                      size_t __len, mbstate_t *__ps, locale_t __l)
        -:  281:{
        -:  282:#ifdef _LIBCPP_LOCALE__L_EXTENSIONS
        -:  283:  return wcsnrtombs_l(__dest, __src, __nwc, __len, __ps, __l);
        -:  284:#else
        -:  285:  __locale_raii __current(uselocale(__l), uselocale);
        -:  286:  return wcsnrtombs(__dest, __src, __nwc, __len, __ps);
        -:  287:#endif
        -:  288:}
        -:  289:
        -:  290:inline _LIBCPP_ALWAYS_INLINE
        -:  291:size_t __wcrtomb_l(char *__s, wchar_t __wc, mbstate_t *__ps, locale_t __l)
        -:  292:{
        -:  293:#ifdef _LIBCPP_LOCALE__L_EXTENSIONS
        -:  294:  return wcrtomb_l(__s, __wc, __ps, __l);
        -:  295:#else
        -:  296:  __locale_raii __current(uselocale(__l), uselocale);
        -:  297:  return wcrtomb(__s, __wc, __ps);
        -:  298:#endif
        -:  299:}
        -:  300:
        -:  301:inline _LIBCPP_ALWAYS_INLINE
        -:  302:size_t __mbsnrtowcs_l(wchar_t * __dest, const char **__src, size_t __nms,
        -:  303:                      size_t __len, mbstate_t *__ps, locale_t __l)
        -:  304:{
        -:  305:#ifdef _LIBCPP_LOCALE__L_EXTENSIONS
        -:  306:  return mbsnrtowcs_l(__dest, __src, __nms, __len, __ps, __l);
        -:  307:#else
        -:  308:  __locale_raii __current(uselocale(__l), uselocale);
        -:  309:  return mbsnrtowcs(__dest, __src, __nms, __len, __ps);
        -:  310:#endif
        -:  311:}
        -:  312:
        -:  313:inline _LIBCPP_ALWAYS_INLINE
        -:  314:size_t __mbrtowc_l(wchar_t *__pwc, const char *__s, size_t __n,
        -:  315:                   mbstate_t *__ps, locale_t __l)
        -:  316:{
        -:  317:#ifdef _LIBCPP_LOCALE__L_EXTENSIONS
        -:  318:  return mbrtowc_l(__pwc, __s, __n, __ps, __l);
        -:  319:#else
        -:  320:  __locale_raii __current(uselocale(__l), uselocale);
        -:  321:  return mbrtowc(__pwc, __s, __n, __ps);
        -:  322:#endif
        -:  323:}
        -:  324:
        -:  325:inline _LIBCPP_ALWAYS_INLINE
        -:  326:int __mbtowc_l(wchar_t *__pwc, const char *__pmb, size_t __max, locale_t __l)
        -:  327:{
        -:  328:#ifdef _LIBCPP_LOCALE__L_EXTENSIONS
        -:  329:  return mbtowc_l(__pwc, __pmb, __max, __l);
        -:  330:#else
        -:  331:  __locale_raii __current(uselocale(__l), uselocale);
        -:  332:  return mbtowc(__pwc, __pmb, __max);
        -:  333:#endif
        -:  334:}
        -:  335:
        -:  336:inline _LIBCPP_ALWAYS_INLINE
        -:  337:size_t __mbrlen_l(const char *__s, size_t __n, mbstate_t *__ps, locale_t __l)
        -:  338:{
        -:  339:#ifdef _LIBCPP_LOCALE__L_EXTENSIONS
        -:  340:  return mbrlen_l(__s, __n, __ps, __l);
        -:  341:#else
        -:  342:  __locale_raii __current(uselocale(__l), uselocale);
        -:  343:  return mbrlen(__s, __n, __ps);
        -:  344:#endif
        -:  345:}
        -:  346:
        -:  347:inline _LIBCPP_ALWAYS_INLINE
        -:  348:lconv *__localeconv_l(locale_t __l)
        -:  349:{
        -:  350:#ifdef _LIBCPP_LOCALE__L_EXTENSIONS
        -:  351:  return localeconv_l(__l);
        -:  352:#else
        -:  353:  __locale_raii __current(uselocale(__l), uselocale);
        -:  354:  return localeconv();
        -:  355:#endif
        -:  356:}
        -:  357:
        -:  358:inline _LIBCPP_ALWAYS_INLINE
        -:  359:size_t __mbsrtowcs_l(wchar_t *__dest, const char **__src, size_t __len,
        -:  360:                     mbstate_t *__ps, locale_t __l)
        -:  361:{
        -:  362:#ifdef _LIBCPP_LOCALE__L_EXTENSIONS
        -:  363:  return mbsrtowcs_l(__dest, __src, __len, __ps, __l);
        -:  364:#else
        -:  365:  __locale_raii __current(uselocale(__l), uselocale);
        -:  366:  return mbsrtowcs(__dest, __src, __len, __ps);
        -:  367:#endif
        -:  368:}
        -:  369:
        -:  370:inline
        -:  371:int __snprintf_l(char *__s, size_t __n, locale_t __l, const char *__format, ...) {
        -:  372:  va_list __va;
        -:  373:  va_start(__va, __format);
        -:  374:#ifdef _LIBCPP_LOCALE__L_EXTENSIONS
        -:  375:  int __res = vsnprintf_l(__s, __n, __l, __format, __va);
        -:  376:#else
        -:  377:  __locale_raii __current(uselocale(__l), uselocale);
        -:  378:  int __res = vsnprintf(__s, __n, __format, __va);
        -:  379:#endif
        -:  380:  va_end(__va);
        -:  381:  return __res;
        -:  382:}
        -:  383:
        -:  384:inline
        -:  385:int __asprintf_l(char **__s, locale_t __l, const char *__format, ...) {
        -:  386:  va_list __va;
        -:  387:  va_start(__va, __format);
        -:  388:#ifdef _LIBCPP_LOCALE__L_EXTENSIONS
        -:  389:  int __res = vasprintf_l(__s, __l, __format, __va);
        -:  390:#else
        -:  391:  __locale_raii __current(uselocale(__l), uselocale);
        -:  392:  int __res = vasprintf(__s, __format, __va);
        -:  393:#endif
        -:  394:  va_end(__va);
        -:  395:  return __res;
        -:  396:}
        -:  397:
        -:  398:inline
        -:  399:int __sscanf_l(const char *__s, locale_t __l, const char *__format, ...) {
        -:  400:  va_list __va;
        -:  401:  va_start(__va, __format);
        -:  402:#ifdef _LIBCPP_LOCALE__L_EXTENSIONS
        -:  403:  int __res = vsscanf_l(__s, __l, __format, __va);
        -:  404:#else
        -:  405:  __locale_raii __current(uselocale(__l), uselocale);
        -:  406:  int __res = vsscanf(__s, __format, __va);
        -:  407:#endif
        -:  408:  va_end(__va);
        -:  409:  return __res;
        -:  410:}
        -:  411:
        -:  412:#endif  // __linux__
        -:  413:
        -:  414:// __scan_keyword
        -:  415:// Scans [__b, __e) until a match is found in the basic_strings range
        -:  416://  [__kb, __ke) or until it can be shown that there is no match in [__kb, __ke).
        -:  417://  __b will be incremented (visibly), consuming CharT until a match is found
        -:  418://  or proved to not exist.  A keyword may be "", in which will match anything.
        -:  419://  If one keyword is a prefix of another, and the next CharT in the input
        -:  420://  might match another keyword, the algorithm will attempt to find the longest
        -:  421://  matching keyword.  If the longer matching keyword ends up not matching, then
        -:  422://  no keyword match is found.  If no keyword match is found, __ke is returned
        -:  423://  and failbit is set in __err.
        -:  424://  Else an iterator pointing to the matching keyword is found.  If more than
        -:  425://  one keyword matches, an iterator to the first matching keyword is returned.
        -:  426://  If on exit __b == __e, eofbit is set in __err.  If __case_sensitive is false,
        -:  427://  __ct is used to force to lower case before comparing characters.
        -:  428://  Examples:
        -:  429://  Keywords:  "a", "abb"
        -:  430://  If the input is "a", the first keyword matches and eofbit is set.
        -:  431://  If the input is "abc", no match is found and "ab" are consumed.
        -:  432:template <class _InputIterator, class _ForwardIterator, class _Ctype>
        -:  433:_LIBCPP_HIDDEN
        -:  434:_ForwardIterator
        -:  435:__scan_keyword(_InputIterator& __b, _InputIterator __e,
        -:  436:               _ForwardIterator __kb, _ForwardIterator __ke,
        -:  437:               const _Ctype& __ct, ios_base::iostate& __err,
        -:  438:               bool __case_sensitive = true)
        -:  439:{
        -:  440:    typedef typename iterator_traits<_InputIterator>::value_type _CharT;
        -:  441:    size_t __nkw = static_cast<size_t>(_VSTD::distance(__kb, __ke));
        -:  442:    const unsigned char __doesnt_match = '\0';
        -:  443:    const unsigned char __might_match = '\1';
        -:  444:    const unsigned char __does_match = '\2';
        -:  445:    unsigned char __statbuf[100];
        -:  446:    unsigned char* __status = __statbuf;
        -:  447:    unique_ptr<unsigned char, void(*)(void*)> __stat_hold(0, free);
        -:  448:    if (__nkw > sizeof(__statbuf))
        -:  449:    {
        -:  450:        __status = (unsigned char*)malloc(__nkw);
        -:  451:        if (__status == 0)
        -:  452:            __throw_bad_alloc();
        -:  453:        __stat_hold.reset(__status);
        -:  454:    }
        -:  455:    size_t __n_might_match = __nkw;  // At this point, any keyword might match
        -:  456:    size_t __n_does_match = 0;       // but none of them definitely do
        -:  457:    // Initialize all statuses to __might_match, except for "" keywords are __does_match
        -:  458:    unsigned char* __st = __status;
        -:  459:    for (_ForwardIterator __ky = __kb; __ky != __ke; ++__ky, (void) ++__st)
        -:  460:    {
        -:  461:        if (!__ky->empty())
        -:  462:            *__st = __might_match;
        -:  463:        else
        -:  464:        {
        -:  465:            *__st = __does_match;
        -:  466:            --__n_might_match;
        -:  467:            ++__n_does_match;
        -:  468:        }
        -:  469:    }
        -:  470:    // While there might be a match, test keywords against the next CharT
        -:  471:    for (size_t __indx = 0; __b != __e && __n_might_match > 0; ++__indx)
        -:  472:    {
        -:  473:        // Peek at the next CharT but don't consume it
        -:  474:        _CharT __c = *__b;
        -:  475:        if (!__case_sensitive)
        -:  476:            __c = __ct.toupper(__c);
        -:  477:        bool __consume = false;
        -:  478:        // For each keyword which might match, see if the __indx character is __c
        -:  479:        // If a match if found, consume __c
        -:  480:        // If a match is found, and that is the last character in the keyword,
        -:  481:        //    then that keyword matches.
        -:  482:        // If the keyword doesn't match this character, then change the keyword
        -:  483:        //    to doesn't match
        -:  484:        __st = __status;
        -:  485:        for (_ForwardIterator __ky = __kb; __ky != __ke; ++__ky, (void) ++__st)
        -:  486:        {
        -:  487:            if (*__st == __might_match)
        -:  488:            {
        -:  489:                _CharT __kc = (*__ky)[__indx];
        -:  490:                if (!__case_sensitive)
        -:  491:                    __kc = __ct.toupper(__kc);
        -:  492:                if (__c == __kc)
        -:  493:                {
        -:  494:                    __consume = true;
        -:  495:                    if (__ky->size() == __indx+1)
        -:  496:                    {
        -:  497:                        *__st = __does_match;
        -:  498:                        --__n_might_match;
        -:  499:                        ++__n_does_match;
        -:  500:                    }
        -:  501:                }
        -:  502:                else
        -:  503:                {
        -:  504:                    *__st = __doesnt_match;
        -:  505:                    --__n_might_match;
        -:  506:                }
        -:  507:            }
        -:  508:        }
        -:  509:        // consume if we matched a character
        -:  510:        if (__consume)
        -:  511:        {
        -:  512:            ++__b;
        -:  513:            // If we consumed a character and there might be a matched keyword that
        -:  514:            //   was marked matched on a previous iteration, then such keywords
        -:  515:            //   which are now marked as not matching.
        -:  516:            if (__n_might_match + __n_does_match > 1)
        -:  517:            {
        -:  518:                __st = __status;
        -:  519:                for (_ForwardIterator __ky = __kb; __ky != __ke; ++__ky, (void) ++__st)
        -:  520:                {
        -:  521:                    if (*__st == __does_match && __ky->size() != __indx+1)
        -:  522:                    {
        -:  523:                        *__st = __doesnt_match;
        -:  524:                        --__n_does_match;
        -:  525:                    }
        -:  526:                }
        -:  527:            }
        -:  528:        }
        -:  529:    }
        -:  530:    // We've exited the loop because we hit eof and/or we have no more "might matches".
        -:  531:    if (__b == __e)
        -:  532:        __err |= ios_base::eofbit;
        -:  533:    // Return the first matching result
        -:  534:    for (__st = __status; __kb != __ke; ++__kb, (void) ++__st)
        -:  535:        if (*__st == __does_match)
        -:  536:            break;
        -:  537:    if (__kb == __ke)
        -:  538:        __err |= ios_base::failbit;
        -:  539:    return __kb;
        -:  540:}
        -:  541:
        -:  542:struct _LIBCPP_TYPE_VIS __num_get_base
        -:  543:{
        -:  544:    static const int __num_get_buf_sz = 40;
        -:  545:
        -:  546:    static int __get_base(ios_base&);
        -:  547:    static const char __src[33];
        -:  548:};
        -:  549:
        -:  550:_LIBCPP_FUNC_VIS
        -:  551:void __check_grouping(const string& __grouping, unsigned* __g, unsigned* __g_end,
        -:  552:                      ios_base::iostate& __err);
        -:  553:
        -:  554:template <class _CharT>
        -:  555:struct __num_get
        -:  556:    : protected __num_get_base
        -:  557:{
        -:  558:    static string __stage2_int_prep(ios_base& __iob, _CharT* __atoms, _CharT& __thousands_sep);
        -:  559:    static string __stage2_float_prep(ios_base& __iob, _CharT* __atoms, _CharT& __decimal_point,
        -:  560:                                      _CharT& __thousands_sep);
        -:  561:    static int __stage2_int_loop(_CharT __ct, int __base, char* __a, char*& __a_end,
        -:  562:                  unsigned& __dc, _CharT __thousands_sep, const string& __grouping,
        -:  563:                  unsigned* __g, unsigned*& __g_end, _CharT* __atoms);
        -:  564:    static int __stage2_float_loop(_CharT __ct, bool& __in_units, char& __exp,
        -:  565:                                   char* __a, char*& __a_end,
        -:  566:                                   _CharT __decimal_point, _CharT __thousands_sep,
        -:  567:                                   const string& __grouping, unsigned* __g,
        -:  568:                                   unsigned*& __g_end, unsigned& __dc, _CharT* __atoms);
        -:  569:};
        -:  570:
        -:  571:template <class _CharT>
        -:  572:string
        -:  573:__num_get<_CharT>::__stage2_int_prep(ios_base& __iob, _CharT* __atoms, _CharT& __thousands_sep)
        -:  574:{
        -:  575:    locale __loc = __iob.getloc();
        -:  576:    use_facet<ctype<_CharT> >(__loc).widen(__src, __src + 26, __atoms);
        -:  577:    const numpunct<_CharT>& __np = use_facet<numpunct<_CharT> >(__loc);
        -:  578:    __thousands_sep = __np.thousands_sep();
        -:  579:    return __np.grouping();
        -:  580:}
        -:  581:
        -:  582:template <class _CharT>
        -:  583:string
        -:  584:__num_get<_CharT>::__stage2_float_prep(ios_base& __iob, _CharT* __atoms, _CharT& __decimal_point,
        -:  585:                    _CharT& __thousands_sep)
        -:  586:{
        -:  587:    locale __loc = __iob.getloc();
        -:  588:    use_facet<ctype<_CharT> >(__loc).widen(__src, __src + 32, __atoms);
        -:  589:    const numpunct<_CharT>& __np = use_facet<numpunct<_CharT> >(__loc);
        -:  590:    __decimal_point = __np.decimal_point();
        -:  591:    __thousands_sep = __np.thousands_sep();
        -:  592:    return __np.grouping();
        -:  593:}
        -:  594:
        -:  595:template <class _CharT>
        -:  596:int
        -:  597:__num_get<_CharT>::__stage2_int_loop(_CharT __ct, int __base, char* __a, char*& __a_end,
        -:  598:                  unsigned& __dc, _CharT __thousands_sep, const string& __grouping,
        -:  599:                  unsigned* __g, unsigned*& __g_end, _CharT* __atoms)
        -:  600:{
        -:  601:    if (__a_end == __a && (__ct == __atoms[24] || __ct == __atoms[25]))
        -:  602:    {
        -:  603:        *__a_end++ = __ct == __atoms[24] ? '+' : '-';
        -:  604:        __dc = 0;
        -:  605:        return 0;
        -:  606:    }
        -:  607:    if (__grouping.size() != 0 && __ct == __thousands_sep)
        -:  608:    {
        -:  609:        if (__g_end-__g < __num_get_buf_sz)
        -:  610:        {
        -:  611:            *__g_end++ = __dc;
        -:  612:            __dc = 0;
        -:  613:        }
        -:  614:        return 0;
        -:  615:    }
        -:  616:    ptrdiff_t __f = find(__atoms, __atoms + 26, __ct) - __atoms;
        -:  617:    if (__f >= 24)
        -:  618:        return -1;
        -:  619:    switch (__base)
        -:  620:    {
        -:  621:    case 8:
        -:  622:    case 10:
        -:  623:        if (__f >= __base)
        -:  624:            return -1;
        -:  625:        break;
        -:  626:    case 16:
        -:  627:        if (__f < 22)
        -:  628:            break;
        -:  629:        if (__a_end != __a && __a_end - __a <= 2 && __a_end[-1] == '0')
        -:  630:        {
        -:  631:            __dc = 0;
        -:  632:            *__a_end++ = __src[__f];
        -:  633:            return 0;
        -:  634:        }
        -:  635:        return -1;
        -:  636:    }
        -:  637:    *__a_end++ = __src[__f];
        -:  638:    ++__dc;
        -:  639:    return 0;
        -:  640:}
        -:  641:
        -:  642:template <class _CharT>
        -:  643:int
        -:  644:__num_get<_CharT>::__stage2_float_loop(_CharT __ct, bool& __in_units, char& __exp, char* __a, char*& __a_end,
        -:  645:                    _CharT __decimal_point, _CharT __thousands_sep, const string& __grouping,
        -:  646:                    unsigned* __g, unsigned*& __g_end, unsigned& __dc, _CharT* __atoms)
        -:  647:{
        -:  648:    if (__ct == __decimal_point)
        -:  649:    {
        -:  650:        if (!__in_units)
        -:  651:            return -1;
        -:  652:        __in_units = false;
        -:  653:        *__a_end++ = '.';
        -:  654:        if (__grouping.size() != 0 && __g_end-__g < __num_get_buf_sz)
        -:  655:            *__g_end++ = __dc;
        -:  656:        return 0;
        -:  657:    }
        -:  658:    if (__ct == __thousands_sep && __grouping.size() != 0)
        -:  659:    {
        -:  660:        if (!__in_units)
        -:  661:            return -1;
        -:  662:        if (__g_end-__g < __num_get_buf_sz)
        -:  663:        {
        -:  664:            *__g_end++ = __dc;
        -:  665:            __dc = 0;
        -:  666:        }
        -:  667:        return 0;
        -:  668:    }
        -:  669:    ptrdiff_t __f = find(__atoms, __atoms + 32, __ct) - __atoms;
        -:  670:    if (__f >= 32)
        -:  671:        return -1;
        -:  672:    char __x = __src[__f];
        -:  673:    if (__x == '-' || __x == '+')
        -:  674:    {
        -:  675:        if (__a_end == __a || (__a_end[-1] & 0x5F) == (__exp & 0x7F))
        -:  676:        {
        -:  677:            *__a_end++ = __x;
        -:  678:            return 0;
        -:  679:        }
        -:  680:        return -1;
        -:  681:    }
        -:  682:    if (__x == 'x' || __x == 'X')
        -:  683:        __exp = 'P';
        -:  684:    else if ((__x & 0x5F) == __exp)
        -:  685:    {
        -:  686:        __exp |= 0x80;
        -:  687:        if (__in_units)
        -:  688:        {
        -:  689:            __in_units = false;
        -:  690:            if (__grouping.size() != 0 && __g_end-__g < __num_get_buf_sz)
        -:  691:                *__g_end++ = __dc;
        -:  692:        }
        -:  693:    }
        -:  694:    *__a_end++ = __x;
        -:  695:    if (__f >= 22)
        -:  696:        return 0;
        -:  697:    ++__dc;
        -:  698:    return 0;
        -:  699:}
        -:  700:
        -:  701:_LIBCPP_EXTERN_TEMPLATE2(struct _LIBCPP_TYPE_VIS __num_get<char>)
        -:  702:_LIBCPP_EXTERN_TEMPLATE2(struct _LIBCPP_TYPE_VIS __num_get<wchar_t>)
        -:  703:
        -:  704:template <class _CharT, class _InputIterator = istreambuf_iterator<_CharT> >
        -:  705:class _LIBCPP_TYPE_VIS_ONLY num_get
        -:  706:    : public locale::facet,
        -:  707:      private __num_get<_CharT>
        -:  708:{
        -:  709:public:
        -:  710:    typedef _CharT char_type;
        -:  711:    typedef _InputIterator iter_type;
        -:  712:
        -:  713:    _LIBCPP_ALWAYS_INLINE
        -:  714:    explicit num_get(size_t __refs = 0)
        -:  715:        : locale::facet(__refs) {}
        -:  716:
        -:  717:    _LIBCPP_ALWAYS_INLINE
        -:  718:    iter_type get(iter_type __b, iter_type __e, ios_base& __iob,
        -:  719:                  ios_base::iostate& __err, bool& __v) const
        -:  720:    {
        -:  721:        return do_get(__b, __e, __iob, __err, __v);
        -:  722:    }
        -:  723:
        -:  724:    _LIBCPP_ALWAYS_INLINE
        -:  725:    iter_type get(iter_type __b, iter_type __e, ios_base& __iob,
        -:  726:                  ios_base::iostate& __err, long& __v) const
        -:  727:    {
        -:  728:        return do_get(__b, __e, __iob, __err, __v);
        -:  729:    }
        -:  730:
        -:  731:    _LIBCPP_ALWAYS_INLINE
        -:  732:    iter_type get(iter_type __b, iter_type __e, ios_base& __iob,
        -:  733:                  ios_base::iostate& __err, long long& __v) const
        -:  734:    {
        -:  735:        return do_get(__b, __e, __iob, __err, __v);
        -:  736:    }
        -:  737:
        -:  738:    _LIBCPP_ALWAYS_INLINE
        -:  739:    iter_type get(iter_type __b, iter_type __e, ios_base& __iob,
        -:  740:                  ios_base::iostate& __err, unsigned short& __v) const
        -:  741:    {
        -:  742:        return do_get(__b, __e, __iob, __err, __v);
        -:  743:    }
        -:  744:
        -:  745:    _LIBCPP_ALWAYS_INLINE
        -:  746:    iter_type get(iter_type __b, iter_type __e, ios_base& __iob,
        -:  747:                  ios_base::iostate& __err, unsigned int& __v) const
        -:  748:    {
        -:  749:        return do_get(__b, __e, __iob, __err, __v);
        -:  750:    }
        -:  751:
        -:  752:    _LIBCPP_ALWAYS_INLINE
        -:  753:    iter_type get(iter_type __b, iter_type __e, ios_base& __iob,
        -:  754:                  ios_base::iostate& __err, unsigned long& __v) const
        -:  755:    {
        -:  756:        return do_get(__b, __e, __iob, __err, __v);
        -:  757:    }
        -:  758:
        -:  759:    _LIBCPP_ALWAYS_INLINE
        -:  760:    iter_type get(iter_type __b, iter_type __e, ios_base& __iob,
        -:  761:                  ios_base::iostate& __err, unsigned long long& __v) const
        -:  762:    {
        -:  763:        return do_get(__b, __e, __iob, __err, __v);
        -:  764:    }
        -:  765:
        -:  766:    _LIBCPP_ALWAYS_INLINE
        -:  767:    iter_type get(iter_type __b, iter_type __e, ios_base& __iob,
        -:  768:                  ios_base::iostate& __err, float& __v) const
        -:  769:    {
        -:  770:        return do_get(__b, __e, __iob, __err, __v);
        -:  771:    }
        -:  772:
        -:  773:    _LIBCPP_ALWAYS_INLINE
        -:  774:    iter_type get(iter_type __b, iter_type __e, ios_base& __iob,
        -:  775:                  ios_base::iostate& __err, double& __v) const
        -:  776:    {
        -:  777:        return do_get(__b, __e, __iob, __err, __v);
        -:  778:    }
        -:  779:
        -:  780:    _LIBCPP_ALWAYS_INLINE
        -:  781:    iter_type get(iter_type __b, iter_type __e, ios_base& __iob,
        -:  782:                  ios_base::iostate& __err, long double& __v) const
        -:  783:    {
        -:  784:        return do_get(__b, __e, __iob, __err, __v);
        -:  785:    }
        -:  786:
        -:  787:    _LIBCPP_ALWAYS_INLINE
        -:  788:    iter_type get(iter_type __b, iter_type __e, ios_base& __iob,
        -:  789:                  ios_base::iostate& __err, void*& __v) const
        -:  790:    {
        -:  791:        return do_get(__b, __e, __iob, __err, __v);
        -:  792:    }
        -:  793:
        -:  794:    static locale::id id;
        -:  795:
        -:  796:protected:
        -:  797:    _LIBCPP_ALWAYS_INLINE
        -:  798:    ~num_get() {}
        -:  799:
        -:  800:    template <class _Fp>
        -:  801:    iter_type __do_get_floating_point
        -:  802:                            (iter_type __b, iter_type __e, ios_base& __iob,
        -:  803:                             ios_base::iostate& __err, _Fp& __v) const;
        -:  804:
        -:  805:    template <class _Signed>
        -:  806:    iter_type __do_get_signed
        -:  807:                            (iter_type __b, iter_type __e, ios_base& __iob,
        -:  808:                             ios_base::iostate& __err, _Signed& __v) const;
        -:  809:
        -:  810:    template <class _Unsigned>
        -:  811:    iter_type __do_get_unsigned
        -:  812:                            (iter_type __b, iter_type __e, ios_base& __iob,
        -:  813:                             ios_base::iostate& __err, _Unsigned& __v) const;
        -:  814:
        -:  815:
        -:  816:    virtual iter_type do_get(iter_type __b, iter_type __e, ios_base& __iob,
        -:  817:                             ios_base::iostate& __err, bool& __v) const;
        -:  818:
        -:  819:    virtual iter_type do_get(iter_type __b, iter_type __e, ios_base& __iob,
        -:  820:                             ios_base::iostate& __err, long& __v) const
        -:  821:    { return this->__do_get_signed ( __b, __e, __iob, __err, __v ); }
        -:  822:
        -:  823:    virtual iter_type do_get(iter_type __b, iter_type __e, ios_base& __iob,
        -:  824:                             ios_base::iostate& __err, long long& __v) const
        -:  825:    { return this->__do_get_signed ( __b, __e, __iob, __err, __v ); }
        -:  826:
        -:  827:    virtual iter_type do_get(iter_type __b, iter_type __e, ios_base& __iob,
        -:  828:                             ios_base::iostate& __err, unsigned short& __v) const
        -:  829:    { return this->__do_get_unsigned ( __b, __e, __iob, __err, __v ); }
        -:  830:
        -:  831:    virtual iter_type do_get(iter_type __b, iter_type __e, ios_base& __iob,
        -:  832:                             ios_base::iostate& __err, unsigned int& __v) const
        -:  833:    { return this->__do_get_unsigned ( __b, __e, __iob, __err, __v ); }
        -:  834:
        -:  835:    virtual iter_type do_get(iter_type __b, iter_type __e, ios_base& __iob,
        -:  836:                             ios_base::iostate& __err, unsigned long& __v) const
        -:  837:    { return this->__do_get_unsigned ( __b, __e, __iob, __err, __v ); }
        -:  838:
        -:  839:    virtual iter_type do_get(iter_type __b, iter_type __e, ios_base& __iob,
        -:  840:                             ios_base::iostate& __err, unsigned long long& __v) const
        -:  841:    { return this->__do_get_unsigned ( __b, __e, __iob, __err, __v ); }
        -:  842:
        -:  843:    virtual iter_type do_get(iter_type __b, iter_type __e, ios_base& __iob,
        -:  844:                             ios_base::iostate& __err, float& __v) const
        -:  845:    { return this->__do_get_floating_point ( __b, __e, __iob, __err, __v ); }
        -:  846:
        -:  847:    virtual iter_type do_get(iter_type __b, iter_type __e, ios_base& __iob,
        -:  848:                             ios_base::iostate& __err, double& __v) const
        -:  849:    { return this->__do_get_floating_point ( __b, __e, __iob, __err, __v ); }
        -:  850:
        -:  851:    virtual iter_type do_get(iter_type __b, iter_type __e, ios_base& __iob,
        -:  852:                             ios_base::iostate& __err, long double& __v) const
        -:  853:    { return this->__do_get_floating_point ( __b, __e, __iob, __err, __v ); }
        -:  854:
        -:  855:    virtual iter_type do_get(iter_type __b, iter_type __e, ios_base& __iob,
        -:  856:                             ios_base::iostate& __err, void*& __v) const;
        -:  857:};
        -:  858:
        -:  859:template <class _CharT, class _InputIterator>
        -:  860:locale::id
        -:  861:num_get<_CharT, _InputIterator>::id;
        -:  862:
        -:  863:template <class _Tp>
        -:  864:_Tp
        -:  865:__num_get_signed_integral(const char* __a, const char* __a_end,
        -:  866:                          ios_base::iostate& __err, int __base)
        -:  867:{
        -:  868:    if (__a != __a_end)
        -:  869:    {
        -:  870:        typename remove_reference<decltype(errno)>::type __save_errno = errno;
        -:  871:        errno = 0;
        -:  872:        char *__p2;
        -:  873:        long long __ll = strtoll_l(__a, &__p2, __base, _LIBCPP_GET_C_LOCALE);
        -:  874:        typename remove_reference<decltype(errno)>::type __current_errno = errno;
        -:  875:        if (__current_errno == 0)
        -:  876:            errno = __save_errno;
        -:  877:        if (__p2 != __a_end)
        -:  878:        {
        -:  879:            __err = ios_base::failbit;
        -:  880:            return 0;
        -:  881:        }
        -:  882:        else if (__current_errno == ERANGE         ||
        -:  883:                 __ll < numeric_limits<_Tp>::min() ||
        -:  884:                 numeric_limits<_Tp>::max() < __ll)
        -:  885:        {
        -:  886:            __err = ios_base::failbit;
        -:  887:            if (__ll > 0)
        -:  888:                return numeric_limits<_Tp>::max();
        -:  889:            else
        -:  890:                return numeric_limits<_Tp>::min();
        -:  891:        }
        -:  892:        return static_cast<_Tp>(__ll);
        -:  893:    }
        -:  894:    __err = ios_base::failbit;
        -:  895:    return 0;
        -:  896:}
        -:  897:
        -:  898:template <class _Tp>
        -:  899:_Tp
        -:  900:__num_get_unsigned_integral(const char* __a, const char* __a_end,
        -:  901:                            ios_base::iostate& __err, int __base)
        -:  902:{
        -:  903:    if (__a != __a_end)
        -:  904:    {
        -:  905:        if (*__a == '-')
        -:  906:        {
        -:  907:            __err = ios_base::failbit;
        -:  908:            return 0;
        -:  909:        }
        -:  910:        typename remove_reference<decltype(errno)>::type __save_errno = errno;
        -:  911:        errno = 0;
        -:  912:        char *__p2;
        -:  913:        unsigned long long __ll = strtoull_l(__a, &__p2, __base, _LIBCPP_GET_C_LOCALE);
        -:  914:        typename remove_reference<decltype(errno)>::type __current_errno = errno;
        -:  915:        if (__current_errno == 0)
        -:  916:            errno = __save_errno;
        -:  917:        if (__p2 != __a_end)
        -:  918:        {
        -:  919:            __err = ios_base::failbit;
        -:  920:            return 0;
        -:  921:        }
        -:  922:        else if (__current_errno == ERANGE ||
        -:  923:                 numeric_limits<_Tp>::max() < __ll)
        -:  924:        {
        -:  925:            __err = ios_base::failbit;
        -:  926:            return numeric_limits<_Tp>::max();
        -:  927:        }
        -:  928:        return static_cast<_Tp>(__ll);
        -:  929:    }
        -:  930:    __err = ios_base::failbit;
        -:  931:    return 0;
        -:  932:}
        -:  933:
        -:  934:template <class _Tp>
        -:  935:_Tp
        -:  936:__num_get_float(const char* __a, const char* __a_end, ios_base::iostate& __err)
        -:  937:{
        -:  938:    if (__a != __a_end)
        -:  939:    {
        -:  940:        typename remove_reference<decltype(errno)>::type __save_errno = errno;
        -:  941:        errno = 0;
        -:  942:        char *__p2;
        -:  943:        long double __ld = strtold_l(__a, &__p2, _LIBCPP_GET_C_LOCALE);
        -:  944:        typename remove_reference<decltype(errno)>::type __current_errno = errno;
        -:  945:        if (__current_errno == 0)
        -:  946:            errno = __save_errno;
        -:  947:        if (__p2 != __a_end)
        -:  948:        {
        -:  949:            __err = ios_base::failbit;
        -:  950:            return 0;
        -:  951:        }
        -:  952:        else if (__current_errno == ERANGE)
        -:  953:            __err = ios_base::failbit;
        -:  954:        return static_cast<_Tp>(__ld);
        -:  955:    }
        -:  956:    __err = ios_base::failbit;
        -:  957:    return 0;
        -:  958:}
        -:  959:
        -:  960:template <class _CharT, class _InputIterator>
        -:  961:_InputIterator
        -:  962:num_get<_CharT, _InputIterator>::do_get(iter_type __b, iter_type __e,
        -:  963:                                        ios_base& __iob,
        -:  964:                                        ios_base::iostate& __err,
        -:  965:                                        bool& __v) const
        -:  966:{
        -:  967:    if ((__iob.flags() & ios_base::boolalpha) == 0)
        -:  968:    {
        -:  969:        long __lv = -1;
        -:  970:        __b = do_get(__b, __e, __iob, __err, __lv);
        -:  971:        switch (__lv)
        -:  972:        {
        -:  973:        case 0:
        -:  974:            __v = false;
        -:  975:            break;
        -:  976:        case 1:
        -:  977:            __v = true;
        -:  978:            break;
        -:  979:        default:
        -:  980:            __v = true;
        -:  981:            __err = ios_base::failbit;
        -:  982:            break;
        -:  983:        }
        -:  984:        return __b;
        -:  985:    }
        -:  986:    const ctype<_CharT>& __ct = use_facet<ctype<_CharT> >(__iob.getloc());
        -:  987:    const numpunct<_CharT>& __np = use_facet<numpunct<_CharT> >(__iob.getloc());
        -:  988:    typedef typename numpunct<_CharT>::string_type string_type;
        -:  989:    const string_type __names[2] = {__np.truename(), __np.falsename()};
        -:  990:    const string_type* __i = __scan_keyword(__b, __e, __names, __names+2,
        -:  991:                                            __ct, __err);
        -:  992:    __v = __i == __names;
        -:  993:    return __b;
        -:  994:}
        -:  995:
        -:  996:// signed
        -:  997:
        -:  998:template <class _CharT, class _InputIterator>
        -:  999:template <class _Signed>
        -: 1000:_InputIterator
        -: 1001:num_get<_CharT, _InputIterator>::__do_get_signed(iter_type __b, iter_type __e,
        -: 1002:                                        ios_base& __iob,
        -: 1003:                                        ios_base::iostate& __err,
        -: 1004:                                        _Signed& __v) const
        -: 1005:{
        -: 1006:    // Stage 1
        -: 1007:    int __base = this->__get_base(__iob);
        -: 1008:    // Stage 2
        -: 1009:    char_type __atoms[26];
        -: 1010:    char_type __thousands_sep;
        -: 1011:    string __grouping = this->__stage2_int_prep(__iob, __atoms, __thousands_sep);
        -: 1012:    string __buf;
        -: 1013:    __buf.resize(__buf.capacity());
        -: 1014:    char* __a = &__buf[0];
        -: 1015:    char* __a_end = __a;
        -: 1016:    unsigned __g[__num_get_base::__num_get_buf_sz];
        -: 1017:    unsigned* __g_end = __g;
        -: 1018:    unsigned __dc = 0;
        -: 1019:    for (; __b != __e; ++__b)
        -: 1020:    {
        -: 1021:        if (__a_end == __a + __buf.size())
        -: 1022:        {
        -: 1023:            size_t __tmp = __buf.size();
        -: 1024:            __buf.resize(2*__buf.size());
        -: 1025:            __buf.resize(__buf.capacity());
        -: 1026:            __a = &__buf[0];
        -: 1027:            __a_end = __a + __tmp;
        -: 1028:        }
        -: 1029:        if (this->__stage2_int_loop(*__b, __base, __a, __a_end, __dc,
        -: 1030:                                    __thousands_sep, __grouping, __g, __g_end,
        -: 1031:                                    __atoms))
        -: 1032:            break;
        -: 1033:    }
        -: 1034:    if (__grouping.size() != 0 && __g_end-__g < __num_get_base::__num_get_buf_sz)
        -: 1035:        *__g_end++ = __dc;
        -: 1036:    // Stage 3
        -: 1037:    __v = __num_get_signed_integral<_Signed>(__a, __a_end, __err, __base);
        -: 1038:    // Digit grouping checked
        -: 1039:    __check_grouping(__grouping, __g, __g_end, __err);
        -: 1040:    // EOF checked
        -: 1041:    if (__b == __e)
        -: 1042:        __err |= ios_base::eofbit;
        -: 1043:    return __b;
        -: 1044:}
        -: 1045:
        -: 1046:// unsigned
        -: 1047:
        -: 1048:template <class _CharT, class _InputIterator>
        -: 1049:template <class _Unsigned>
        -: 1050:_InputIterator
        -: 1051:num_get<_CharT, _InputIterator>::__do_get_unsigned(iter_type __b, iter_type __e,
        -: 1052:                                        ios_base& __iob,
        -: 1053:                                        ios_base::iostate& __err,
        -: 1054:                                        _Unsigned& __v) const
        -: 1055:{
        -: 1056:    // Stage 1
        -: 1057:    int __base = this->__get_base(__iob);
        -: 1058:    // Stage 2
        -: 1059:    char_type __atoms[26];
        -: 1060:    char_type __thousands_sep;
        -: 1061:    string __grouping = this->__stage2_int_prep(__iob, __atoms, __thousands_sep);
        -: 1062:    string __buf;
        -: 1063:    __buf.resize(__buf.capacity());
        -: 1064:    char* __a = &__buf[0];
        -: 1065:    char* __a_end = __a;
        -: 1066:    unsigned __g[__num_get_base::__num_get_buf_sz];
        -: 1067:    unsigned* __g_end = __g;
        -: 1068:    unsigned __dc = 0;
        -: 1069:    for (; __b != __e; ++__b)
        -: 1070:    {
        -: 1071:        if (__a_end == __a + __buf.size())
        -: 1072:        {
        -: 1073:            size_t __tmp = __buf.size();
        -: 1074:            __buf.resize(2*__buf.size());
        -: 1075:            __buf.resize(__buf.capacity());
        -: 1076:            __a = &__buf[0];
        -: 1077:            __a_end = __a + __tmp;
        -: 1078:        }
        -: 1079:        if (this->__stage2_int_loop(*__b, __base, __a, __a_end, __dc,
        -: 1080:                                    __thousands_sep, __grouping, __g, __g_end,
        -: 1081:                                    __atoms))
        -: 1082:            break;
        -: 1083:    }
        -: 1084:    if (__grouping.size() != 0 && __g_end-__g < __num_get_base::__num_get_buf_sz)
        -: 1085:        *__g_end++ = __dc;
        -: 1086:    // Stage 3
        -: 1087:    __v = __num_get_unsigned_integral<_Unsigned>(__a, __a_end, __err, __base);
        -: 1088:    // Digit grouping checked
        -: 1089:    __check_grouping(__grouping, __g, __g_end, __err);
        -: 1090:    // EOF checked
        -: 1091:    if (__b == __e)
        -: 1092:        __err |= ios_base::eofbit;
        -: 1093:    return __b;
        -: 1094:}
        -: 1095:
        -: 1096:// floating point
        -: 1097:
        -: 1098:template <class _CharT, class _InputIterator>
        -: 1099:template <class _Fp>
        -: 1100:_InputIterator
        -: 1101:num_get<_CharT, _InputIterator>::__do_get_floating_point(iter_type __b, iter_type __e,
        -: 1102:                                        ios_base& __iob,
        -: 1103:                                        ios_base::iostate& __err,
        -: 1104:                                        _Fp& __v) const
        -: 1105:{
        -: 1106:    // Stage 1, nothing to do
        -: 1107:    // Stage 2
        -: 1108:    char_type __atoms[32];
        -: 1109:    char_type __decimal_point;
        -: 1110:    char_type __thousands_sep;
        -: 1111:    string __grouping = this->__stage2_float_prep(__iob, __atoms,
        -: 1112:                                                  __decimal_point,
        -: 1113:                                                  __thousands_sep);
        -: 1114:    string __buf;
        -: 1115:    __buf.resize(__buf.capacity());
        -: 1116:    char* __a = &__buf[0];
        -: 1117:    char* __a_end = __a;
        -: 1118:    unsigned __g[__num_get_base::__num_get_buf_sz];
        -: 1119:    unsigned* __g_end = __g;
        -: 1120:    unsigned __dc = 0;
        -: 1121:    bool __in_units = true;
        -: 1122:    char __exp = 'E';
        -: 1123:    for (; __b != __e; ++__b)
        -: 1124:    {
        -: 1125:        if (__a_end == __a + __buf.size())
        -: 1126:        {
        -: 1127:            size_t __tmp = __buf.size();
        -: 1128:            __buf.resize(2*__buf.size());
        -: 1129:            __buf.resize(__buf.capacity());
        -: 1130:            __a = &__buf[0];
        -: 1131:            __a_end = __a + __tmp;
        -: 1132:        }
        -: 1133:        if (this->__stage2_float_loop(*__b, __in_units, __exp, __a, __a_end,
        -: 1134:                                      __decimal_point, __thousands_sep,
        -: 1135:                                      __grouping, __g, __g_end,
        -: 1136:                                      __dc, __atoms))
        -: 1137:            break;
        -: 1138:    }
        -: 1139:    if (__grouping.size() != 0 && __in_units && __g_end-__g < __num_get_base::__num_get_buf_sz)
        -: 1140:        *__g_end++ = __dc;
        -: 1141:    // Stage 3
        -: 1142:    __v = __num_get_float<_Fp>(__a, __a_end, __err);
        -: 1143:    // Digit grouping checked
        -: 1144:    __check_grouping(__grouping, __g, __g_end, __err);
        -: 1145:    // EOF checked
        -: 1146:    if (__b == __e)
        -: 1147:        __err |= ios_base::eofbit;
        -: 1148:    return __b;
        -: 1149:}
        -: 1150:
        -: 1151:template <class _CharT, class _InputIterator>
        -: 1152:_InputIterator
        -: 1153:num_get<_CharT, _InputIterator>::do_get(iter_type __b, iter_type __e,
        -: 1154:                                        ios_base& __iob,
        -: 1155:                                        ios_base::iostate& __err,
        -: 1156:                                        void*& __v) const
        -: 1157:{
        -: 1158:    // Stage 1
        -: 1159:    int __base = 16;
        -: 1160:    // Stage 2
        -: 1161:    char_type __atoms[26];
        -: 1162:    char_type __thousands_sep = 0;
        -: 1163:    string __grouping;
        -: 1164:    use_facet<ctype<_CharT> >(__iob.getloc()).widen(__num_get_base::__src,
        -: 1165:                                                    __num_get_base::__src + 26, __atoms);
        -: 1166:    string __buf;
        -: 1167:    __buf.resize(__buf.capacity());
        -: 1168:    char* __a = &__buf[0];
        -: 1169:    char* __a_end = __a;
        -: 1170:    unsigned __g[__num_get_base::__num_get_buf_sz];
        -: 1171:    unsigned* __g_end = __g;
        -: 1172:    unsigned __dc = 0;
        -: 1173:    for (; __b != __e; ++__b)
        -: 1174:    {
        -: 1175:        if (__a_end == __a + __buf.size())
        -: 1176:        {
        -: 1177:            size_t __tmp = __buf.size();
        -: 1178:            __buf.resize(2*__buf.size());
        -: 1179:            __buf.resize(__buf.capacity());
        -: 1180:            __a = &__buf[0];
        -: 1181:            __a_end = __a + __tmp;
        -: 1182:        }
        -: 1183:        if (this->__stage2_int_loop(*__b, __base, __a, __a_end, __dc,
        -: 1184:                                    __thousands_sep, __grouping,
        -: 1185:                                    __g, __g_end, __atoms))
        -: 1186:            break;
        -: 1187:    }
        -: 1188:    // Stage 3
        -: 1189:    __buf.resize(__a_end - __a);
        -: 1190:#ifdef _LIBCPP_LOCALE__L_EXTENSIONS
        -: 1191:    if (sscanf_l(__buf.c_str(), _LIBCPP_GET_C_LOCALE, "%p", &__v) != 1)
        -: 1192:#else
        -: 1193:    if (__sscanf_l(__buf.c_str(), __cloc(), "%p", &__v) != 1)
        -: 1194:#endif
        -: 1195:        __err = ios_base::failbit;
        -: 1196:    // EOF checked
        -: 1197:    if (__b == __e)
        -: 1198:        __err |= ios_base::eofbit;
        -: 1199:    return __b;
        -: 1200:}
        -: 1201:
        -: 1202:_LIBCPP_EXTERN_TEMPLATE2(class _LIBCPP_TYPE_VIS num_get<char>)
        -: 1203:_LIBCPP_EXTERN_TEMPLATE2(class _LIBCPP_TYPE_VIS num_get<wchar_t>)
        -: 1204:
        -: 1205:struct _LIBCPP_TYPE_VIS __num_put_base
        -: 1206:{
        -: 1207:protected:
        -: 1208:    static void __format_int(char* __fmt, const char* __len, bool __signd,
        -: 1209:                             ios_base::fmtflags __flags);
        -: 1210:    static bool __format_float(char* __fmt, const char* __len,
        -: 1211:                               ios_base::fmtflags __flags);
        -: 1212:    static char* __identify_padding(char* __nb, char* __ne,
        -: 1213:                                    const ios_base& __iob);
        -: 1214:};
        -: 1215:
        -: 1216:template <class _CharT>
        -: 1217:struct __num_put
        -: 1218:    : protected __num_put_base
        -: 1219:{
        -: 1220:    static void __widen_and_group_int(char* __nb, char* __np, char* __ne,
        -: 1221:                                      _CharT* __ob, _CharT*& __op, _CharT*& __oe,
        -: 1222:                                      const locale& __loc);
        -: 1223:    static void __widen_and_group_float(char* __nb, char* __np, char* __ne,
        -: 1224:                                        _CharT* __ob, _CharT*& __op, _CharT*& __oe,
        -: 1225:                                        const locale& __loc);
        -: 1226:};
        -: 1227:
        -: 1228:template <class _CharT>
        -: 1229:void
        -: 1230:__num_put<_CharT>::__widen_and_group_int(char* __nb, char* __np, char* __ne,
        -: 1231:                                         _CharT* __ob, _CharT*& __op, _CharT*& __oe,
        -: 1232:                                         const locale& __loc)
        -: 1233:{
        -: 1234:    const ctype<_CharT>&    __ct = use_facet<ctype<_CharT> >   (__loc);
        -: 1235:    const numpunct<_CharT>& __npt = use_facet<numpunct<_CharT> >(__loc);
        -: 1236:    string __grouping = __npt.grouping();
        -: 1237:    if (__grouping.empty())
        -: 1238:    {
        -: 1239:        __ct.widen(__nb, __ne, __ob);
        -: 1240:        __oe = __ob + (__ne - __nb);
        -: 1241:    }
        -: 1242:    else
        -: 1243:    {
        -: 1244:        __oe = __ob;
        -: 1245:        char* __nf = __nb;
        -: 1246:        if (*__nf == '-' || *__nf == '+')
        -: 1247:            *__oe++ = __ct.widen(*__nf++);
        -: 1248:        if (__ne - __nf >= 2 && __nf[0] == '0' && (__nf[1] == 'x' ||
        -: 1249:                                                   __nf[1] == 'X'))
        -: 1250:        {
        -: 1251:            *__oe++ = __ct.widen(*__nf++);
        -: 1252:            *__oe++ = __ct.widen(*__nf++);
        -: 1253:        }
        -: 1254:        reverse(__nf, __ne);
        -: 1255:        _CharT __thousands_sep = __npt.thousands_sep();
        -: 1256:        unsigned __dc = 0;
        -: 1257:        unsigned __dg = 0;
        -: 1258:        for (char* __p = __nf; __p < __ne; ++__p)
        -: 1259:        {
        -: 1260:            if (static_cast<unsigned>(__grouping[__dg]) > 0 &&
        -: 1261:                __dc == static_cast<unsigned>(__grouping[__dg]))
        -: 1262:            {
        -: 1263:                *__oe++ = __thousands_sep;
        -: 1264:                __dc = 0;
        -: 1265:                if (__dg < __grouping.size()-1)
        -: 1266:                    ++__dg;
        -: 1267:            }
        -: 1268:            *__oe++ = __ct.widen(*__p);
        -: 1269:            ++__dc;
        -: 1270:        }
        -: 1271:        reverse(__ob + (__nf - __nb), __oe);
        -: 1272:    }
        -: 1273:    if (__np == __ne)
        -: 1274:        __op = __oe;
        -: 1275:    else
        -: 1276:        __op = __ob + (__np - __nb);
        -: 1277:}
        -: 1278:
        -: 1279:template <class _CharT>
        -: 1280:void
        -: 1281:__num_put<_CharT>::__widen_and_group_float(char* __nb, char* __np, char* __ne,
        -: 1282:                                           _CharT* __ob, _CharT*& __op, _CharT*& __oe,
        -: 1283:                                           const locale& __loc)
        -: 1284:{
        -: 1285:    const ctype<_CharT>&    __ct = use_facet<ctype<_CharT> >   (__loc);
        -: 1286:    const numpunct<_CharT>& __npt = use_facet<numpunct<_CharT> >(__loc);
        -: 1287:    string __grouping = __npt.grouping();
        -: 1288:    __oe = __ob;
        -: 1289:    char* __nf = __nb;
        -: 1290:    if (*__nf == '-' || *__nf == '+')
        -: 1291:        *__oe++ = __ct.widen(*__nf++);
        -: 1292:    char* __ns;
        -: 1293:    if (__ne - __nf >= 2 && __nf[0] == '0' && (__nf[1] == 'x' ||
        -: 1294:                                               __nf[1] == 'X'))
        -: 1295:    {
        -: 1296:        *__oe++ = __ct.widen(*__nf++);
        -: 1297:        *__oe++ = __ct.widen(*__nf++);
        -: 1298:        for (__ns = __nf; __ns < __ne; ++__ns)
        -: 1299:            if (!isxdigit_l(*__ns, _LIBCPP_GET_C_LOCALE))
        -: 1300:                break;
        -: 1301:    }
        -: 1302:    else
        -: 1303:    {
        -: 1304:        for (__ns = __nf; __ns < __ne; ++__ns)
        -: 1305:            if (!isdigit_l(*__ns, _LIBCPP_GET_C_LOCALE))
        -: 1306:                break;
        -: 1307:    }
        -: 1308:    if (__grouping.empty())
        -: 1309:    {
        -: 1310:        __ct.widen(__nf, __ns, __oe);
        -: 1311:        __oe += __ns - __nf;
        -: 1312:    }
        -: 1313:    else
        -: 1314:    {
        -: 1315:        reverse(__nf, __ns);
        -: 1316:        _CharT __thousands_sep = __npt.thousands_sep();
        -: 1317:        unsigned __dc = 0;
        -: 1318:        unsigned __dg = 0;
        -: 1319:        for (char* __p = __nf; __p < __ns; ++__p)
        -: 1320:        {
        -: 1321:            if (__grouping[__dg] > 0 && __dc == static_cast<unsigned>(__grouping[__dg]))
        -: 1322:            {
        -: 1323:                *__oe++ = __thousands_sep;
        -: 1324:                __dc = 0;
        -: 1325:                if (__dg < __grouping.size()-1)
        -: 1326:                    ++__dg;
        -: 1327:            }
        -: 1328:            *__oe++ = __ct.widen(*__p);
        -: 1329:            ++__dc;
        -: 1330:        }
        -: 1331:        reverse(__ob + (__nf - __nb), __oe);
        -: 1332:    }
        -: 1333:    for (__nf = __ns; __nf < __ne; ++__nf)
        -: 1334:    {
        -: 1335:        if (*__nf == '.')
        -: 1336:        {
        -: 1337:            *__oe++ = __npt.decimal_point();
        -: 1338:            ++__nf;
        -: 1339:            break;
        -: 1340:        }
        -: 1341:        else
        -: 1342:            *__oe++ = __ct.widen(*__nf);
        -: 1343:    }
        -: 1344:    __ct.widen(__nf, __ne, __oe);
        -: 1345:    __oe += __ne - __nf;
        -: 1346:    if (__np == __ne)
        -: 1347:        __op = __oe;
        -: 1348:    else
        -: 1349:        __op = __ob + (__np - __nb);
        -: 1350:}
        -: 1351:
        -: 1352:_LIBCPP_EXTERN_TEMPLATE2(struct _LIBCPP_TYPE_VIS __num_put<char>)
        -: 1353:_LIBCPP_EXTERN_TEMPLATE2(struct _LIBCPP_TYPE_VIS __num_put<wchar_t>)
        -: 1354:
        -: 1355:template <class _CharT, class _OutputIterator = ostreambuf_iterator<_CharT> >
        -: 1356:class _LIBCPP_TYPE_VIS_ONLY num_put
        -: 1357:    : public locale::facet,
        -: 1358:      private __num_put<_CharT>
        -: 1359:{
        -: 1360:public:
        -: 1361:    typedef _CharT char_type;
        -: 1362:    typedef _OutputIterator iter_type;
        -: 1363:
        -: 1364:    _LIBCPP_ALWAYS_INLINE
        -: 1365:    explicit num_put(size_t __refs = 0)
        -: 1366:        : locale::facet(__refs) {}
        -: 1367:
        -: 1368:    _LIBCPP_ALWAYS_INLINE
        -: 1369:    iter_type put(iter_type __s, ios_base& __iob, char_type __fl,
        -: 1370:                  bool __v) const
        -: 1371:    {
        -: 1372:        return do_put(__s, __iob, __fl, __v);
        -: 1373:    }
        -: 1374:
        -: 1375:    _LIBCPP_ALWAYS_INLINE
        -: 1376:    iter_type put(iter_type __s, ios_base& __iob, char_type __fl,
        -: 1377:                  long __v) const
        -: 1378:    {
        -: 1379:        return do_put(__s, __iob, __fl, __v);
        -: 1380:    }
        -: 1381:
        -: 1382:    _LIBCPP_ALWAYS_INLINE
        -: 1383:    iter_type put(iter_type __s, ios_base& __iob, char_type __fl,
        -: 1384:                  long long __v) const
        -: 1385:    {
        -: 1386:        return do_put(__s, __iob, __fl, __v);
        -: 1387:    }
        -: 1388:
        -: 1389:    _LIBCPP_ALWAYS_INLINE
        -: 1390:    iter_type put(iter_type __s, ios_base& __iob, char_type __fl,
        -: 1391:                  unsigned long __v) const
        -: 1392:    {
        -: 1393:        return do_put(__s, __iob, __fl, __v);
        -: 1394:    }
        -: 1395:
        -: 1396:    _LIBCPP_ALWAYS_INLINE
        -: 1397:    iter_type put(iter_type __s, ios_base& __iob, char_type __fl,
        -: 1398:                  unsigned long long __v) const
        -: 1399:    {
        -: 1400:        return do_put(__s, __iob, __fl, __v);
        -: 1401:    }
        -: 1402:
        -: 1403:    _LIBCPP_ALWAYS_INLINE
        -: 1404:    iter_type put(iter_type __s, ios_base& __iob, char_type __fl,
        -: 1405:                  double __v) const
        -: 1406:    {
        -: 1407:        return do_put(__s, __iob, __fl, __v);
        -: 1408:    }
        -: 1409:
        -: 1410:    _LIBCPP_ALWAYS_INLINE
        -: 1411:    iter_type put(iter_type __s, ios_base& __iob, char_type __fl,
        -: 1412:                  long double __v) const
        -: 1413:    {
        -: 1414:        return do_put(__s, __iob, __fl, __v);
        -: 1415:    }
        -: 1416:
        -: 1417:    _LIBCPP_ALWAYS_INLINE
        -: 1418:    iter_type put(iter_type __s, ios_base& __iob, char_type __fl,
        -: 1419:                  const void* __v) const
        -: 1420:    {
        -: 1421:        return do_put(__s, __iob, __fl, __v);
        -: 1422:    }
        -: 1423:
        -: 1424:    static locale::id id;
        -: 1425:
        -: 1426:protected:
        -: 1427:    _LIBCPP_ALWAYS_INLINE
        -: 1428:    ~num_put() {}
        -: 1429:
        -: 1430:    virtual iter_type do_put(iter_type __s, ios_base& __iob, char_type __fl,
        -: 1431:                             bool __v) const;
        -: 1432:    virtual iter_type do_put(iter_type __s, ios_base& __iob, char_type __fl,
        -: 1433:                             long __v) const;
        -: 1434:    virtual iter_type do_put(iter_type __s, ios_base& __iob, char_type __fl,
        -: 1435:                             long long __v) const;
        -: 1436:    virtual iter_type do_put(iter_type __s, ios_base& __iob, char_type __fl,
        -: 1437:                             unsigned long) const;
        -: 1438:    virtual iter_type do_put(iter_type __s, ios_base& __iob, char_type __fl,
        -: 1439:                             unsigned long long) const;
        -: 1440:    virtual iter_type do_put(iter_type __s, ios_base& __iob, char_type __fl,
        -: 1441:                             double __v) const;
        -: 1442:    virtual iter_type do_put(iter_type __s, ios_base& __iob, char_type __fl,
        -: 1443:                             long double __v) const;
        -: 1444:    virtual iter_type do_put(iter_type __s, ios_base& __iob, char_type __fl,
        -: 1445:                             const void* __v) const;
        -: 1446:};
        -: 1447:
        -: 1448:template <class _CharT, class _OutputIterator>
        -: 1449:locale::id
        -: 1450:num_put<_CharT, _OutputIterator>::id;
        -: 1451:
        -: 1452:template <class _CharT, class _OutputIterator>
        -: 1453:_LIBCPP_HIDDEN
        -: 1454:_OutputIterator
        -: 1455:__pad_and_output(_OutputIterator __s,
        -: 1456:                 const _CharT* __ob, const _CharT* __op, const _CharT* __oe,
        -: 1457:                 ios_base& __iob, _CharT __fl)
        -: 1458:{
        -: 1459:    streamsize __sz = __oe - __ob;
        -: 1460:    streamsize __ns = __iob.width();
        -: 1461:    if (__ns > __sz)
        -: 1462:        __ns -= __sz;
        -: 1463:    else
        -: 1464:        __ns = 0;
        -: 1465:    for (;__ob < __op; ++__ob, ++__s)
        -: 1466:        *__s = *__ob;
        -: 1467:    for (; __ns; --__ns, ++__s)
        -: 1468:        *__s = __fl;
        -: 1469:    for (; __ob < __oe; ++__ob, ++__s)
        -: 1470:        *__s = *__ob;
        -: 1471:    __iob.width(0);
        -: 1472:    return __s;
        -: 1473:}
        -: 1474:
        -: 1475:#if !defined(__APPLE__) || \
        -: 1476:    (defined(__MAC_OS_X_VERSION_MIN_REQUIRED) && __MAC_OS_X_VERSION_MIN_REQUIRED > __MAC_10_8) || \
        -: 1477:    (defined(__IPHONE_OS_VERSION_MIN_REQUIRED) && __IPHONE_OS_VERSION_MIN_REQUIRED > __IPHONE_6_0)
        -: 1478:
        -: 1479:template <class _CharT, class _Traits>
        -: 1480:_LIBCPP_HIDDEN
        -: 1481:ostreambuf_iterator<_CharT, _Traits>
function _ZNSt3__116__pad_and_outputIcNS_11char_traitsIcEEEENS_19ostreambuf_iteratorIT_T0_EES6_PKS4_S8_S8_RNS_8ios_baseES4_ called 369 returned 100% blocks executed 42%
        -: 1482:__pad_and_output(ostreambuf_iterator<_CharT, _Traits> __s,
        -: 1483:                 const _CharT* __ob, const _CharT* __op, const _CharT* __oe,
        -: 1484:                 ios_base& __iob, _CharT __fl)
        -: 1485:{
      369: 1486:    if (__s.__sbuf_ == nullptr)
branch  0 taken 0%
branch  1 taken 100%
    #####: 1487:        return __s;
      369: 1488:    streamsize __sz = __oe - __ob;
      369: 1489:    streamsize __ns = __iob.width();
      369: 1490:    if (__ns > __sz)
branch  0 taken 0%
branch  1 taken 100%
    #####: 1491:        __ns -= __sz;
        -: 1492:    else
      369: 1493:        __ns = 0;
      369: 1494:    streamsize __np = __op - __ob;
      369: 1495:    if (__np > 0)
branch  0 taken 0%
branch  1 taken 100%
        -: 1496:    {
    #####: 1497:        if (__s.__sbuf_->sputn(__ob, __np) != __np)
branch  0 never executed
branch  1 never executed
        -: 1498:        {
    #####: 1499:            __s.__sbuf_ = nullptr;
    #####: 1500:            return __s;
        -: 1501:        }
    #####: 1502:    }
      369: 1503:    if (__ns > 0)
branch  0 taken 0%
branch  1 taken 100%
        -: 1504:    {
    #####: 1505:        basic_string<_CharT, _Traits> __sp(__ns, __fl);
    #####: 1506:        if (__s.__sbuf_->sputn(__sp.data(), __ns) != __ns)
branch  0 never executed
branch  1 never executed
branch  2 never executed
branch  3 never executed
        -: 1507:        {
    #####: 1508:            __s.__sbuf_ = nullptr;
    #####: 1509:            return __s;
        -: 1510:        }
    #####: 1511:    }
branch  0 never executed
branch  1 never executed
branch  2 never executed
      369: 1512:    __np = __oe - __op;
      369: 1513:    if (__np > 0)
branch  0 taken 100%
branch  1 taken 0%
        -: 1514:    {
      369: 1515:        if (__s.__sbuf_->sputn(__op, __np) != __np)
branch  0 taken 0%
branch  1 taken 100%
        -: 1516:        {
    #####: 1517:            __s.__sbuf_ = nullptr;
    #####: 1518:            return __s;
        -: 1519:        }
      369: 1520:    }
      369: 1521:    __iob.width(0);
      369: 1522:    return __s;
      369: 1523:}
        -: 1524:
        -: 1525:#endif
        -: 1526:
        -: 1527:template <class _CharT, class _OutputIterator>
        -: 1528:_OutputIterator
        -: 1529:num_put<_CharT, _OutputIterator>::do_put(iter_type __s, ios_base& __iob,
        -: 1530:                                         char_type __fl, bool __v) const
        -: 1531:{
        -: 1532:    if ((__iob.flags() & ios_base::boolalpha) == 0)
        -: 1533:        return do_put(__s, __iob, __fl, (unsigned long)__v);
        -: 1534:    const numpunct<char_type>& __np = use_facet<numpunct<char_type> >(__iob.getloc());
        -: 1535:    typedef typename numpunct<char_type>::string_type string_type;
        -: 1536:#if _LIBCPP_DEBUG_LEVEL >= 2
        -: 1537:    string_type __tmp(__v ? __np.truename() : __np.falsename());
        -: 1538:    string_type __nm = _VSTD::move(__tmp);
        -: 1539:#else
        -: 1540:    string_type __nm = __v ? __np.truename() : __np.falsename();
        -: 1541:#endif
        -: 1542:    for (typename string_type::iterator __i = __nm.begin(); __i != __nm.end(); ++__i, ++__s)
        -: 1543:        *__s = *__i;
        -: 1544:    return __s;
        -: 1545:}
        -: 1546:
        -: 1547:template <class _CharT, class _OutputIterator>
        -: 1548:_OutputIterator
        -: 1549:num_put<_CharT, _OutputIterator>::do_put(iter_type __s, ios_base& __iob,
        -: 1550:                                         char_type __fl, long __v) const
        -: 1551:{
        -: 1552:    // Stage 1 - Get number in narrow char
        -: 1553:    char __fmt[6] = {'%', 0};
        -: 1554:    const char* __len = "l";
        -: 1555:    this->__format_int(__fmt+1, __len, true, __iob.flags());
        -: 1556:    const unsigned __nbuf = (numeric_limits<long>::digits / 3)
        -: 1557:                          + ((numeric_limits<long>::digits % 3) != 0)
        -: 1558:                          + 1;
        -: 1559:    char __nar[__nbuf];
        -: 1560:#ifdef _LIBCPP_LOCALE__L_EXTENSIONS
        -: 1561:    int __nc = snprintf_l(__nar, sizeof(__nar), _LIBCPP_GET_C_LOCALE, __fmt, __v);
        -: 1562:#else
        -: 1563:    int __nc = __snprintf_l(__nar, sizeof(__nar), __cloc(), __fmt, __v);
        -: 1564:#endif
        -: 1565:    char* __ne = __nar + __nc;
        -: 1566:    char* __np = this->__identify_padding(__nar, __ne, __iob);
        -: 1567:    // Stage 2 - Widen __nar while adding thousands separators
        -: 1568:    char_type __o[2*(__nbuf-1) - 1];
        -: 1569:    char_type* __op;  // pad here
        -: 1570:    char_type* __oe;  // end of output
        -: 1571:    this->__widen_and_group_int(__nar, __np, __ne, __o, __op, __oe, __iob.getloc());
        -: 1572:    // [__o, __oe) contains thousands_sep'd wide number
        -: 1573:    // Stage 3 & 4
        -: 1574:    return __pad_and_output(__s, __o, __op, __oe, __iob, __fl);
        -: 1575:}
        -: 1576:
        -: 1577:template <class _CharT, class _OutputIterator>
        -: 1578:_OutputIterator
        -: 1579:num_put<_CharT, _OutputIterator>::do_put(iter_type __s, ios_base& __iob,
        -: 1580:                                         char_type __fl, long long __v) const
        -: 1581:{
        -: 1582:    // Stage 1 - Get number in narrow char
        -: 1583:    char __fmt[8] = {'%', 0};
        -: 1584:    const char* __len = "ll";
        -: 1585:    this->__format_int(__fmt+1, __len, true, __iob.flags());
        -: 1586:    const unsigned __nbuf = (numeric_limits<long long>::digits / 3)
        -: 1587:                          + ((numeric_limits<long long>::digits % 3) != 0)
        -: 1588:                          + 2;
        -: 1589:    char __nar[__nbuf];
        -: 1590:#ifdef _LIBCPP_LOCALE__L_EXTENSIONS
        -: 1591:    int __nc = snprintf_l(__nar, sizeof(__nar), _LIBCPP_GET_C_LOCALE, __fmt, __v);
        -: 1592:#else
        -: 1593:    int __nc = __snprintf_l(__nar, sizeof(__nar), __cloc(), __fmt, __v);
        -: 1594:#endif
        -: 1595:    char* __ne = __nar + __nc;
        -: 1596:    char* __np = this->__identify_padding(__nar, __ne, __iob);
        -: 1597:    // Stage 2 - Widen __nar while adding thousands separators
        -: 1598:    char_type __o[2*(__nbuf-1) - 1];
        -: 1599:    char_type* __op;  // pad here
[...]
        -: 4064:    virtual basic_streambuf<char_type, traits_type>* setbuf(char_type* __s,
        -: 4065:                                                            streamsize __n);
        -: 4066:    virtual pos_type seekoff(off_type __off, ios_base::seekdir __way,
        -: 4067:                             ios_base::openmode __wch = ios_base::in | ios_base::out);
        -: 4068:    virtual pos_type seekpos(pos_type __sp,
        -: 4069:                             ios_base::openmode __wch = ios_base::in | ios_base::out);
        -: 4070:    virtual int sync();
        -: 4071:
        -: 4072:private:
        -: 4073:    bool __read_mode();
        -: 4074:    void __write_mode();
        -: 4075:    wbuffer_convert* __close();
        -: 4076:};
        -: 4077:
        -: 4078:template <class _Codecvt, class _Elem, class _Tr>
        -: 4079:wbuffer_convert<_Codecvt, _Elem, _Tr>::
        -: 4080:    wbuffer_convert(streambuf* __bytebuf, _Codecvt* __pcvt, state_type __state)
        -: 4081:    : __extbuf_(0),
        -: 4082:      __extbufnext_(0),
        -: 4083:      __extbufend_(0),
        -: 4084:      __ebs_(0),
        -: 4085:      __intbuf_(0),
        -: 4086:      __ibs_(0),
        -: 4087:      __bufptr_(__bytebuf),
        -: 4088:      __cv_(__pcvt),
        -: 4089:      __st_(__state),
        -: 4090:      __cm_(0),
        -: 4091:      __owns_eb_(false),
        -: 4092:      __owns_ib_(false),
        -: 4093:      __always_noconv_(__cv_ ? __cv_->always_noconv() : false)
        -: 4094:{
        -: 4095:    setbuf(0, 4096);
        -: 4096:}
        -: 4097:
        -: 4098:template <class _Codecvt, class _Elem, class _Tr>
        -: 4099:wbuffer_convert<_Codecvt, _Elem, _Tr>::~wbuffer_convert()
        -: 4100:{
        -: 4101:    __close();
        -: 4102:    delete __cv_;
        -: 4103:    if (__owns_eb_)
        -: 4104:        delete [] __extbuf_;
        -: 4105:    if (__owns_ib_)
        -: 4106:        delete [] __intbuf_;
        -: 4107:}
        -: 4108:
        -: 4109:template <class _Codecvt, class _Elem, class _Tr>
        -: 4110:typename wbuffer_convert<_Codecvt, _Elem, _Tr>::int_type
        -: 4111:wbuffer_convert<_Codecvt, _Elem, _Tr>::underflow()
        -: 4112:{
        -: 4113:    if (__cv_ == 0 || __bufptr_ == 0)
        -: 4114:        return traits_type::eof();
        -: 4115:    bool __initial = __read_mode();
        -: 4116:    char_type __1buf;
        -: 4117:    if (this->gptr() == 0)
        -: 4118:        this->setg(&__1buf, &__1buf+1, &__1buf+1);
        -: 4119:    const size_t __unget_sz = __initial ? 0 : min<size_t>((this->egptr() - this->eback()) / 2, 4);
        -: 4120:    int_type __c = traits_type::eof();
        -: 4121:    if (this->gptr() == this->egptr())
        -: 4122:    {
        -: 4123:        memmove(this->eback(), this->egptr() - __unget_sz, __unget_sz * sizeof(char_type));
        -: 4124:        if (__always_noconv_)
        -: 4125:        {
        -: 4126:            streamsize __nmemb = static_cast<streamsize>(this->egptr() - this->eback() - __unget_sz);
        -: 4127:            __nmemb = __bufptr_->sgetn((char*)this->eback() + __unget_sz, __nmemb);
        -: 4128:            if (__nmemb != 0)
        -: 4129:            {
        -: 4130:                this->setg(this->eback(),
        -: 4131:                           this->eback() + __unget_sz,
        -: 4132:                           this->eback() + __unget_sz + __nmemb);
        -: 4133:                __c = *this->gptr();
        -: 4134:            }
        -: 4135:        }
        -: 4136:        else
        -: 4137:        {
        -: 4138:            memmove(__extbuf_, __extbufnext_, __extbufend_ - __extbufnext_);
        -: 4139:            __extbufnext_ = __extbuf_ + (__extbufend_ - __extbufnext_);
        -: 4140:            __extbufend_ = __extbuf_ + (__extbuf_ == __extbuf_min_ ? sizeof(__extbuf_min_) : __ebs_);
        -: 4141:            streamsize __nmemb = _VSTD::min(static_cast<streamsize>(this->egptr() - this->eback() - __unget_sz),
        -: 4142:                                 static_cast<streamsize>(__extbufend_ - __extbufnext_));
        -: 4143:            codecvt_base::result __r;
        -: 4144:            state_type __svs = __st_;
        -: 4145:            streamsize __nr = __bufptr_->sgetn(const_cast<char*>(__extbufnext_), __nmemb);
        -: 4146:            if (__nr != 0)
        -: 4147:            {
        -: 4148:                __extbufend_ = __extbufnext_ + __nr;
        -: 4149:                char_type*  __inext;
        -: 4150:                __r = __cv_->in(__st_, __extbuf_, __extbufend_, __extbufnext_,
        -: 4151:                                       this->eback() + __unget_sz,
        -: 4152:                                       this->egptr(), __inext);
        -: 4153:                if (__r == codecvt_base::noconv)
        -: 4154:                {
        -: 4155:                    this->setg((char_type*)__extbuf_, (char_type*)__extbuf_, (char_type*)__extbufend_);
        -: 4156:                    __c = *this->gptr();
        -: 4157:                }
        -: 4158:                else if (__inext != this->eback() + __unget_sz)
        -: 4159:                {
        -: 4160:                    this->setg(this->eback(), this->eback() + __unget_sz, __inext);
        -: 4161:                    __c = *this->gptr();
        -: 4162:                }
        -: 4163:            }
        -: 4164:        }
        -: 4165:    }
        -: 4166:    else
        -: 4167:        __c = *this->gptr();
        -: 4168:    if (this->eback() == &__1buf)
        -: 4169:        this->setg(0, 0, 0);
        -: 4170:    return __c;
        -: 4171:}
        -: 4172:
        -: 4173:template <class _Codecvt, class _Elem, class _Tr>
        -: 4174:typename wbuffer_convert<_Codecvt, _Elem, _Tr>::int_type
        -: 4175:wbuffer_convert<_Codecvt, _Elem, _Tr>::pbackfail(int_type __c)
        -: 4176:{
        -: 4177:    if (__cv_ != 0 && __bufptr_ != 0 && this->eback() < this->gptr())
        -: 4178:    {
        -: 4179:        if (traits_type::eq_int_type(__c, traits_type::eof()))
        -: 4180:        {
        -: 4181:            this->gbump(-1);
        -: 4182:            return traits_type::not_eof(__c);
        -: 4183:        }
        -: 4184:        if (traits_type::eq(traits_type::to_char_type(__c), this->gptr()[-1]))
        -: 4185:        {
        -: 4186:            this->gbump(-1);
        -: 4187:            *this->gptr() = traits_type::to_char_type(__c);
        -: 4188:            return __c;
        -: 4189:        }
        -: 4190:    }
        -: 4191:    return traits_type::eof();
        -: 4192:}
        -: 4193:
        -: 4194:template <class _Codecvt, class _Elem, class _Tr>
        -: 4195:typename wbuffer_convert<_Codecvt, _Elem, _Tr>::int_type
        -: 4196:wbuffer_convert<_Codecvt, _Elem, _Tr>::overflow(int_type __c)
        -: 4197:{
        -: 4198:    if (__cv_ == 0 || __bufptr_ == 0)
        -: 4199:        return traits_type::eof();
        -: 4200:    __write_mode();
        -: 4201:    char_type __1buf;
        -: 4202:    char_type* __pb_save = this->pbase();
        -: 4203:    char_type* __epb_save = this->epptr();
        -: 4204:    if (!traits_type::eq_int_type(__c, traits_type::eof()))
        -: 4205:    {
        -: 4206:        if (this->pptr() == 0)
        -: 4207:            this->setp(&__1buf, &__1buf+1);
        -: 4208:        *this->pptr() = traits_type::to_char_type(__c);
        -: 4209:        this->pbump(1);
        -: 4210:    }
        -: 4211:    if (this->pptr() != this->pbase())
        -: 4212:    {
        -: 4213:        if (__always_noconv_)
        -: 4214:        {
        -: 4215:            streamsize __nmemb = static_cast<streamsize>(this->pptr() - this->pbase());
        -: 4216:            if (__bufptr_->sputn((const char*)this->pbase(), __nmemb) != __nmemb)
        -: 4217:                return traits_type::eof();
        -: 4218:        }
        -: 4219:        else
        -: 4220:        {
        -: 4221:            char* __extbe = __extbuf_;
        -: 4222:            codecvt_base::result __r;
        -: 4223:            do
        -: 4224:            {
        -: 4225:                const char_type* __e;
        -: 4226:                __r = __cv_->out(__st_, this->pbase(), this->pptr(), __e,
        -: 4227:                                        __extbuf_, __extbuf_ + __ebs_, __extbe);
        -: 4228:                if (__e == this->pbase())
        -: 4229:                    return traits_type::eof();
        -: 4230:                if (__r == codecvt_base::noconv)
        -: 4231:                {
        -: 4232:                    streamsize __nmemb = static_cast<size_t>(this->pptr() - this->pbase());
        -: 4233:                    if (__bufptr_->sputn((const char*)this->pbase(), __nmemb) != __nmemb)
        -: 4234:                        return traits_type::eof();
        -: 4235:                }
        -: 4236:                else if (__r == codecvt_base::ok || __r == codecvt_base::partial)
        -: 4237:                {
        -: 4238:                    streamsize __nmemb = static_cast<size_t>(__extbe - __extbuf_);
        -: 4239:                    if (__bufptr_->sputn(__extbuf_, __nmemb) != __nmemb)
        -: 4240:                        return traits_type::eof();
        -: 4241:                    if (__r == codecvt_base::partial)
        -: 4242:                    {
        -: 4243:                        this->setp((char_type*)__e, this->pptr());
        -: 4244:                        this->pbump(this->epptr() - this->pbase());
        -: 4245:                    }
        -: 4246:                }
        -: 4247:                else
        -: 4248:                    return traits_type::eof();
        -: 4249:            } while (__r == codecvt_base::partial);
        -: 4250:        }
        -: 4251:        this->setp(__pb_save, __epb_save);
        -: 4252:    }
        -: 4253:    return traits_type::not_eof(__c);
        -: 4254:}
        -: 4255:
        -: 4256:template <class _Codecvt, class _Elem, class _Tr>
        -: 4257:basic_streambuf<_Elem, _Tr>*
        -: 4258:wbuffer_convert<_Codecvt, _Elem, _Tr>::setbuf(char_type* __s, streamsize __n)
        -: 4259:{
        -: 4260:    this->setg(0, 0, 0);
        -: 4261:    this->setp(0, 0);
        -: 4262:    if (__owns_eb_)
        -: 4263:        delete [] __extbuf_;
        -: 4264:    if (__owns_ib_)
        -: 4265:        delete [] __intbuf_;
        -: 4266:    __ebs_ = __n;
        -: 4267:    if (__ebs_ > sizeof(__extbuf_min_))
        -: 4268:    {
        -: 4269:        if (__always_noconv_ && __s)
        -: 4270:        {
        -: 4271:            __extbuf_ = (char*)__s;
        -: 4272:            __owns_eb_ = false;
        -: 4273:        }
        -: 4274:        else
        -: 4275:        {
        -: 4276:            __extbuf_ = new char[__ebs_];
        -: 4277:            __owns_eb_ = true;
        -: 4278:        }
        -: 4279:    }
        -: 4280:    else
        -: 4281:    {
        -: 4282:        __extbuf_ = __extbuf_min_;
        -: 4283:        __ebs_ = sizeof(__extbuf_min_);
        -: 4284:        __owns_eb_ = false;
        -: 4285:    }
        -: 4286:    if (!__always_noconv_)
        -: 4287:    {
        -: 4288:        __ibs_ = max<streamsize>(__n, sizeof(__extbuf_min_));
        -: 4289:        if (__s && __ibs_ >= sizeof(__extbuf_min_))
        -: 4290:        {
        -: 4291:            __intbuf_ = __s;
        -: 4292:            __owns_ib_ = false;
        -: 4293:        }
        -: 4294:        else
        -: 4295:        {
        -: 4296:            __intbuf_ = new char_type[__ibs_];
        -: 4297:            __owns_ib_ = true;
        -: 4298:        }
        -: 4299:    }
        -: 4300:    else
        -: 4301:    {
        -: 4302:        __ibs_ = 0;
        -: 4303:        __intbuf_ = 0;
        -: 4304:        __owns_ib_ = false;
        -: 4305:    }
        -: 4306:    return this;
        -: 4307:}
        -: 4308:
        -: 4309:template <class _Codecvt, class _Elem, class _Tr>
        -: 4310:typename wbuffer_convert<_Codecvt, _Elem, _Tr>::pos_type
        -: 4311:wbuffer_convert<_Codecvt, _Elem, _Tr>::seekoff(off_type __off, ios_base::seekdir __way,
        -: 4312:                                        ios_base::openmode __om)
        -: 4313:{
        -: 4314:    int __width = __cv_->encoding();
        -: 4315:    if (__cv_ == 0 || __bufptr_ == 0 || (__width <= 0 && __off != 0) || sync())
        -: 4316:        return pos_type(off_type(-1));
        -: 4317:    // __width > 0 || __off == 0
        -: 4318:    switch (__way)
        -: 4319:    {
        -: 4320:    case ios_base::beg:
        -: 4321:        break;
        -: 4322:    case ios_base::cur:
        -: 4323:        break;
        -: 4324:    case ios_base::end:
        -: 4325:        break;
        -: 4326:    default:
        -: 4327:        return pos_type(off_type(-1));
        -: 4328:    }
        -: 4329:    pos_type __r = __bufptr_->pubseekoff(__width * __off, __way, __om);
        -: 4330:    __r.state(__st_);
        -: 4331:    return __r;
        -: 4332:}
        -: 4333:
        -: 4334:template <class _Codecvt, class _Elem, class _Tr>
        -: 4335:typename wbuffer_convert<_Codecvt, _Elem, _Tr>::pos_type
        -: 4336:wbuffer_convert<_Codecvt, _Elem, _Tr>::seekpos(pos_type __sp, ios_base::openmode __wch)
        -: 4337:{
        -: 4338:    if (__cv_ == 0 || __bufptr_ == 0 || sync())
        -: 4339:        return pos_type(off_type(-1));
        -: 4340:    if (__bufptr_->pubseekpos(__sp, __wch) == pos_type(off_type(-1)))
        -: 4341:        return pos_type(off_type(-1));
        -: 4342:    return __sp;
        -: 4343:}
        -: 4344:
        -: 4345:template <class _Codecvt, class _Elem, class _Tr>
        -: 4346:int
        -: 4347:wbuffer_convert<_Codecvt, _Elem, _Tr>::sync()
        -: 4348:{
        -: 4349:    if (__cv_ == 0 || __bufptr_ == 0)
        -: 4350:        return 0;
        -: 4351:    if (__cm_ & ios_base::out)
        -: 4352:    {
        -: 4353:        if (this->pptr() != this->pbase())
        -: 4354:            if (overflow() == traits_type::eof())
        -: 4355:                return -1;
        -: 4356:        codecvt_base::result __r;
        -: 4357:        do
        -: 4358:        {
        -: 4359:            char* __extbe;
        -: 4360:            __r = __cv_->unshift(__st_, __extbuf_, __extbuf_ + __ebs_, __extbe);
        -: 4361:            streamsize __nmemb = static_cast<streamsize>(__extbe - __extbuf_);
        -: 4362:            if (__bufptr_->sputn(__extbuf_, __nmemb) != __nmemb)
        -: 4363:                return -1;
        -: 4364:        } while (__r == codecvt_base::partial);
        -: 4365:        if (__r == codecvt_base::error)
        -: 4366:            return -1;
        -: 4367:        if (__bufptr_->pubsync())
        -: 4368:            return -1;
        -: 4369:    }
        -: 4370:    else if (__cm_ & ios_base::in)
        -: 4371:    {
        -: 4372:        off_type __c;
        -: 4373:        if (__always_noconv_)
        -: 4374:            __c = this->egptr() - this->gptr();
        -: 4375:        else
        -: 4376:        {
        -: 4377:            int __width = __cv_->encoding();
        -: 4378:            __c = __extbufend_ - __extbufnext_;
        -: 4379:            if (__width > 0)
        -: 4380:                __c += __width * (this->egptr() - this->gptr());
        -: 4381:            else
        -: 4382:            {
        -: 4383:                if (this->gptr() != this->egptr())
        -: 4384:                {
        -: 4385:                    reverse(this->gptr(), this->egptr());
        -: 4386:                    codecvt_base::result __r;
        -: 4387:                    const char_type* __e = this->gptr();
        -: 4388:                    char* __extbe;
        -: 4389:                    do
        -: 4390:                    {
        -: 4391:                        __r = __cv_->out(__st_, __e, this->egptr(), __e,
        -: 4392:                                         __extbuf_, __extbuf_ + __ebs_, __extbe);
        -: 4393:                        switch (__r)
        -: 4394:                        {
        -: 4395:                        case codecvt_base::noconv:
        -: 4396:                            __c += this->egptr() - this->gptr();
        -: 4397:                            break;
        -: 4398:                        case codecvt_base::ok:
        -: 4399:                        case codecvt_base::partial:
        -: 4400:                            __c += __extbe - __extbuf_;
        -: 4401:                            break;
        -: 4402:                        default:
        -: 4403:                            return -1;
        -: 4404:                        }
        -: 4405:                    } while (__r == codecvt_base::partial);
        -: 4406:                }
        -: 4407:            }
        -: 4408:        }
        -: 4409:        if (__bufptr_->pubseekoff(-__c, ios_base::cur, __cm_) == pos_type(off_type(-1)))
        -: 4410:            return -1;
        -: 4411:        this->setg(0, 0, 0);
        -: 4412:        __cm_ = 0;
        -: 4413:    }
        -: 4414:    return 0;
        -: 4415:}
        -: 4416:
        -: 4417:template <class _Codecvt, class _Elem, class _Tr>
        -: 4418:bool
        -: 4419:wbuffer_convert<_Codecvt, _Elem, _Tr>::__read_mode()
        -: 4420:{
        -: 4421:    if (!(__cm_ & ios_base::in))
        -: 4422:    {
        -: 4423:        this->setp(0, 0);
        -: 4424:        if (__always_noconv_)
        -: 4425:            this->setg((char_type*)__extbuf_,
        -: 4426:                       (char_type*)__extbuf_ + __ebs_,
        -: 4427:                       (char_type*)__extbuf_ + __ebs_);
        -: 4428:        else
        -: 4429:            this->setg(__intbuf_, __intbuf_ + __ibs_, __intbuf_ + __ibs_);
        -: 4430:        __cm_ = ios_base::in;
        -: 4431:        return true;
        -: 4432:    }
        -: 4433:    return false;
        -: 4434:}
        -: 4435:
        -: 4436:template <class _Codecvt, class _Elem, class _Tr>
        -: 4437:void
        -: 4438:wbuffer_convert<_Codecvt, _Elem, _Tr>::__write_mode()
        -: 4439:{
        -: 4440:    if (!(__cm_ & ios_base::out))
        -: 4441:    {
        -: 4442:        this->setg(0, 0, 0);
        -: 4443:        if (__ebs_ > sizeof(__extbuf_min_))
        -: 4444:        {
        -: 4445:            if (__always_noconv_)
        -: 4446:                this->setp((char_type*)__extbuf_,
        -: 4447:                           (char_type*)__extbuf_ + (__ebs_ - 1));
        -: 4448:            else
        -: 4449:                this->setp(__intbuf_, __intbuf_ + (__ibs_ - 1));
        -: 4450:        }
        -: 4451:        else
        -: 4452:            this->setp(0, 0);
        -: 4453:        __cm_ = ios_base::out;
        -: 4454:    }
        -: 4455:}
        -: 4456:
        -: 4457:template <class _Codecvt, class _Elem, class _Tr>
        -: 4458:wbuffer_convert<_Codecvt, _Elem, _Tr>*
        -: 4459:wbuffer_convert<_Codecvt, _Elem, _Tr>::__close()
        -: 4460:{
        -: 4461:    wbuffer_convert* __rt = 0;
        -: 4462:    if (__cv_ != 0 && __bufptr_ != 0)
        -: 4463:    {
        -: 4464:        __rt = this;
        -: 4465:        if ((__cm_ & ios_base::out) && sync())
        -: 4466:            __rt = 0;
        -: 4467:    }
        -: 4468:    return __rt;
        -: 4469:}
        -: 4470:
        -: 4471:_LIBCPP_END_NAMESPACE_STD
        -: 4472:
        -: 4473:#endif  // _LIBCPP_LOCALE
